ERROR - 2024-10-08 01:26:19 --> Severity: Warning --> Undefined array key "ef_ta" D:\noSync\Server\php\2023\Dr-systems\drsystems-api\application\models\consultas\Querys.php 93
ERROR - 2024-10-08 01:26:19 --> Severity: Warning --> Undefined array key "ef_fc" D:\noSync\Server\php\2023\Dr-systems\drsystems-api\application\models\consultas\Querys.php 94
ERROR - 2024-10-08 01:26:19 --> Severity: Warning --> Undefined array key "ef_t" D:\noSync\Server\php\2023\Dr-systems\drsystems-api\application\models\consultas\Querys.php 95
ERROR - 2024-10-08 01:26:19 --> Severity: Warning --> Undefined array key "ef_p" D:\noSync\Server\php\2023\Dr-systems\drsystems-api\application\models\consultas\Querys.php 96
ERROR - 2024-10-08 01:26:19 --> Severity: Warning --> Undefined array key "ef_a" D:\noSync\Server\php\2023\Dr-systems\drsystems-api\application\models\consultas\Querys.php 97
ERROR - 2024-10-08 01:26:19 --> Severity: Warning --> Undefined array key "ef_imc" D:\noSync\Server\php\2023\Dr-systems\drsystems-api\application\models\consultas\Querys.php 98
ERROR - 2024-10-08 01:26:19 --> Severity: Warning --> Undefined array key "ht_a" D:\noSync\Server\php\2023\Dr-systems\drsystems-api\application\models\consultas\Querys.php 100
ERROR - 2024-10-08 01:26:19 --> Severity: Warning --> Undefined array key "ht_t" D:\noSync\Server\php\2023\Dr-systems\drsystems-api\application\models\consultas\Querys.php 101
ERROR - 2024-10-08 01:26:19 --> Severity: Warning --> Undefined array key "ht_d" D:\noSync\Server\php\2023\Dr-systems\drsystems-api\application\models\consultas\Querys.php 102
ERROR - 2024-10-08 01:26:19 --> Severity: Warning --> Undefined array key "con_mc" D:\noSync\Server\php\2023\Dr-systems\drsystems-api\application\models\consultas\Querys.php 104
ERROR - 2024-10-08 01:26:19 --> Severity: Warning --> Undefined array key "con_ea" D:\noSync\Server\php\2023\Dr-systems\drsystems-api\application\models\consultas\Querys.php 105
ERROR - 2024-10-08 01:26:19 --> Severity: Warning --> Undefined array key "con_aea" D:\noSync\Server\php\2023\Dr-systems\drsystems-api\application\models\consultas\Querys.php 106
ERROR - 2024-10-08 02:45:31 --> Severity: Warning --> Undefined array key "ef_ta" D:\noSync\Server\php\2023\Dr-systems\drsystems-api\application\models\consultas\Querys.php 93
ERROR - 2024-10-08 02:45:31 --> Severity: Warning --> Undefined array key "ef_fc" D:\noSync\Server\php\2023\Dr-systems\drsystems-api\application\models\consultas\Querys.php 94
ERROR - 2024-10-08 02:45:31 --> Severity: Warning --> Undefined array key "ef_t" D:\noSync\Server\php\2023\Dr-systems\drsystems-api\application\models\consultas\Querys.php 95
ERROR - 2024-10-08 02:45:31 --> Severity: Warning --> Undefined array key "ef_p" D:\noSync\Server\php\2023\Dr-systems\drsystems-api\application\models\consultas\Querys.php 96
ERROR - 2024-10-08 02:45:31 --> Severity: Warning --> Undefined array key "ef_a" D:\noSync\Server\php\2023\Dr-systems\drsystems-api\application\models\consultas\Querys.php 97
ERROR - 2024-10-08 02:45:31 --> Severity: Warning --> Undefined array key "ef_imc" D:\noSync\Server\php\2023\Dr-systems\drsystems-api\application\models\consultas\Querys.php 98
ERROR - 2024-10-08 02:45:31 --> Severity: Warning --> Undefined array key "ht_a" D:\noSync\Server\php\2023\Dr-systems\drsystems-api\application\models\consultas\Querys.php 100
ERROR - 2024-10-08 02:45:31 --> Severity: Warning --> Undefined array key "ht_t" D:\noSync\Server\php\2023\Dr-systems\drsystems-api\application\models\consultas\Querys.php 101
ERROR - 2024-10-08 02:45:31 --> Severity: Warning --> Undefined array key "ht_d" D:\noSync\Server\php\2023\Dr-systems\drsystems-api\application\models\consultas\Querys.php 102
ERROR - 2024-10-08 02:45:31 --> Severity: Warning --> Undefined array key "con_mc" D:\noSync\Server\php\2023\Dr-systems\drsystems-api\application\models\consultas\Querys.php 104
ERROR - 2024-10-08 02:45:31 --> Severity: Warning --> Undefined array key "con_ea" D:\noSync\Server\php\2023\Dr-systems\drsystems-api\application\models\consultas\Querys.php 105
ERROR - 2024-10-08 02:45:31 --> Severity: Warning --> Undefined array key "con_aea" D:\noSync\Server\php\2023\Dr-systems\drsystems-api\application\models\consultas\Querys.php 106
