INFO - 2025-02-25 03:29:57 --> Config Class Initialized
INFO - 2025-02-25 03:29:57 --> Hooks Class Initialized
DEBUG - 2025-02-25 03:29:57 --> UTF-8 Support Enabled
INFO - 2025-02-25 03:29:57 --> Utf8 Class Initialized
INFO - 2025-02-25 03:29:57 --> URI Class Initialized
INFO - 2025-02-25 03:29:57 --> Router Class Initialized
INFO - 2025-02-25 03:29:57 --> Output Class Initialized
INFO - 2025-02-25 03:29:57 --> Security Class Initialized
DEBUG - 2025-02-25 03:29:57 --> Global POST, GET and COOKIE data sanitized
INFO - 2025-02-25 03:29:57 --> Input Class Initialized
INFO - 2025-02-25 03:29:57 --> Language Class Initialized
INFO - 2025-02-25 03:29:57 --> Loader Class Initialized
INFO - 2025-02-25 03:29:57 --> Helper loaded: url_helper
INFO - 2025-02-25 03:29:57 --> Helper loaded: string_helper
INFO - 2025-02-25 03:29:57 --> Helper loaded: date_helper
INFO - 2025-02-25 03:29:57 --> Helper loaded: array_helper
INFO - 2025-02-25 03:29:57 --> Helper loaded: security_helper
INFO - 2025-02-25 03:29:57 --> Helper loaded: text_helper
INFO - 2025-02-25 03:29:57 --> Helper loaded: session_helper
INFO - 2025-02-25 03:29:58 --> Helper loaded: language_helper
INFO - 2025-02-25 03:29:58 --> Helper loaded: multilang_helper
INFO - 2025-02-25 03:29:58 --> Controller Class Initialized
ERROR - 2025-02-25 03:29:58 --> Severity: error --> Exception: Using $this when not in object context D:\noSync\Server\php\2025\HS-Sistema\hs-systems-app\application\helpers\multilang_helper.php 12
ERROR - 2025-02-25 03:29:58 --> Severity: Warning --> include(D:\noSync\Server\php\2025\HS-Sistema\hs-systems-app\application\views\errors\html\error_exception.php): Failed to open stream: No such file or directory D:\noSync\Server\php\2025\HS-Sistema\hs-systems-app\system\core\Exceptions.php 221
ERROR - 2025-02-25 03:29:58 --> Severity: Warning --> include(): Failed opening 'D:\noSync\Server\php\2025\HS-Sistema\hs-systems-app\application\views\errors\html\error_exception.php' for inclusion (include_path='C:\xampp\php\PEAR') D:\noSync\Server\php\2025\HS-Sistema\hs-systems-app\system\core\Exceptions.php 221
INFO - 2025-02-25 03:30:25 --> Config Class Initialized
INFO - 2025-02-25 03:30:25 --> Hooks Class Initialized
DEBUG - 2025-02-25 03:30:25 --> UTF-8 Support Enabled
INFO - 2025-02-25 03:30:25 --> Utf8 Class Initialized
INFO - 2025-02-25 03:30:25 --> URI Class Initialized
INFO - 2025-02-25 03:30:25 --> Router Class Initialized
INFO - 2025-02-25 03:30:25 --> Output Class Initialized
INFO - 2025-02-25 03:30:25 --> Security Class Initialized
DEBUG - 2025-02-25 03:30:25 --> Global POST, GET and COOKIE data sanitized
INFO - 2025-02-25 03:30:25 --> Input Class Initialized
INFO - 2025-02-25 03:30:25 --> Language Class Initialized
INFO - 2025-02-25 03:30:25 --> Loader Class Initialized
INFO - 2025-02-25 03:30:25 --> Helper loaded: url_helper
INFO - 2025-02-25 03:30:25 --> Helper loaded: string_helper
INFO - 2025-02-25 03:30:25 --> Helper loaded: date_helper
INFO - 2025-02-25 03:30:25 --> Helper loaded: array_helper
INFO - 2025-02-25 03:30:25 --> Helper loaded: security_helper
INFO - 2025-02-25 03:30:25 --> Helper loaded: text_helper
INFO - 2025-02-25 03:30:25 --> Helper loaded: session_helper
INFO - 2025-02-25 03:30:25 --> Helper loaded: language_helper
INFO - 2025-02-25 03:30:25 --> Helper loaded: multilang_helper
INFO - 2025-02-25 03:30:25 --> Controller Class Initialized
INFO - 2025-02-25 03:30:25 --> Language file loaded: language/english/test_lang.php
INFO - 2025-02-25 03:30:25 --> File loaded: D:\noSync\Server\php\2025\HS-Sistema\hs-systems-app\application\views\test/inicio.php
INFO - 2025-02-25 03:30:25 --> Final output sent to browser
DEBUG - 2025-02-25 03:30:25 --> Total execution time: 0.0965
INFO - 2025-02-25 03:30:42 --> Config Class Initialized
INFO - 2025-02-25 03:30:42 --> Hooks Class Initialized
DEBUG - 2025-02-25 03:30:42 --> UTF-8 Support Enabled
INFO - 2025-02-25 03:30:42 --> Utf8 Class Initialized
INFO - 2025-02-25 03:30:42 --> URI Class Initialized
INFO - 2025-02-25 03:30:42 --> Router Class Initialized
INFO - 2025-02-25 03:30:42 --> Output Class Initialized
INFO - 2025-02-25 03:30:42 --> Security Class Initialized
DEBUG - 2025-02-25 03:30:42 --> Global POST, GET and COOKIE data sanitized
INFO - 2025-02-25 03:30:42 --> Input Class Initialized
INFO - 2025-02-25 03:30:42 --> Language Class Initialized
INFO - 2025-02-25 03:30:42 --> Loader Class Initialized
INFO - 2025-02-25 03:30:42 --> Helper loaded: url_helper
INFO - 2025-02-25 03:30:42 --> Helper loaded: string_helper
INFO - 2025-02-25 03:30:42 --> Helper loaded: date_helper
INFO - 2025-02-25 03:30:42 --> Helper loaded: array_helper
INFO - 2025-02-25 03:30:42 --> Helper loaded: security_helper
INFO - 2025-02-25 03:30:42 --> Helper loaded: text_helper
INFO - 2025-02-25 03:30:42 --> Helper loaded: session_helper
INFO - 2025-02-25 03:30:42 --> Helper loaded: language_helper
INFO - 2025-02-25 03:30:42 --> Helper loaded: multilang_helper
INFO - 2025-02-25 03:30:42 --> Controller Class Initialized
ERROR - 2025-02-25 03:30:42 --> Severity: error --> Exception: Using $this when not in object context D:\noSync\Server\php\2025\HS-Sistema\hs-systems-app\application\helpers\multilang_helper.php 12
ERROR - 2025-02-25 03:30:42 --> Severity: Warning --> include(D:\noSync\Server\php\2025\HS-Sistema\hs-systems-app\application\views\errors\html\error_exception.php): Failed to open stream: No such file or directory D:\noSync\Server\php\2025\HS-Sistema\hs-systems-app\system\core\Exceptions.php 221
ERROR - 2025-02-25 03:30:42 --> Severity: Warning --> include(): Failed opening 'D:\noSync\Server\php\2025\HS-Sistema\hs-systems-app\application\views\errors\html\error_exception.php' for inclusion (include_path='C:\xampp\php\PEAR') D:\noSync\Server\php\2025\HS-Sistema\hs-systems-app\system\core\Exceptions.php 221
INFO - 2025-02-25 03:31:58 --> Config Class Initialized
INFO - 2025-02-25 03:31:58 --> Hooks Class Initialized
DEBUG - 2025-02-25 03:31:58 --> UTF-8 Support Enabled
INFO - 2025-02-25 03:31:58 --> Utf8 Class Initialized
INFO - 2025-02-25 03:31:58 --> URI Class Initialized
INFO - 2025-02-25 03:31:58 --> Router Class Initialized
INFO - 2025-02-25 03:31:58 --> Output Class Initialized
INFO - 2025-02-25 03:31:58 --> Security Class Initialized
DEBUG - 2025-02-25 03:31:58 --> Global POST, GET and COOKIE data sanitized
INFO - 2025-02-25 03:31:58 --> Input Class Initialized
INFO - 2025-02-25 03:31:58 --> Language Class Initialized
INFO - 2025-02-25 03:31:58 --> Loader Class Initialized
INFO - 2025-02-25 03:31:58 --> Helper loaded: url_helper
INFO - 2025-02-25 03:31:58 --> Helper loaded: string_helper
INFO - 2025-02-25 03:31:58 --> Helper loaded: date_helper
INFO - 2025-02-25 03:31:58 --> Helper loaded: array_helper
INFO - 2025-02-25 03:31:58 --> Helper loaded: security_helper
INFO - 2025-02-25 03:31:58 --> Helper loaded: text_helper
INFO - 2025-02-25 03:31:58 --> Helper loaded: session_helper
INFO - 2025-02-25 03:31:58 --> Helper loaded: language_helper
INFO - 2025-02-25 03:31:58 --> Helper loaded: multilang_helper
INFO - 2025-02-25 03:31:58 --> Controller Class Initialized
INFO - 2025-02-25 03:31:58 --> Language file loaded: language/english/test_lang.php
INFO - 2025-02-25 03:31:58 --> File loaded: D:\noSync\Server\php\2025\HS-Sistema\hs-systems-app\application\views\test/inicio.php
INFO - 2025-02-25 03:31:59 --> Final output sent to browser
DEBUG - 2025-02-25 03:31:59 --> Total execution time: 0.1435
INFO - 2025-02-25 08:57:45 --> Config Class Initialized
INFO - 2025-02-25 08:57:45 --> Hooks Class Initialized
DEBUG - 2025-02-25 08:57:48 --> UTF-8 Support Enabled
INFO - 2025-02-25 08:57:48 --> Utf8 Class Initialized
INFO - 2025-02-25 08:57:49 --> URI Class Initialized
INFO - 2025-02-25 08:57:49 --> Router Class Initialized
INFO - 2025-02-25 08:57:49 --> Output Class Initialized
INFO - 2025-02-25 08:57:50 --> Security Class Initialized
DEBUG - 2025-02-25 08:57:50 --> Global POST, GET and COOKIE data sanitized
INFO - 2025-02-25 08:57:50 --> Input Class Initialized
INFO - 2025-02-25 08:57:50 --> Language Class Initialized
INFO - 2025-02-25 08:57:51 --> Loader Class Initialized
INFO - 2025-02-25 08:57:51 --> Helper loaded: url_helper
INFO - 2025-02-25 08:57:51 --> Helper loaded: string_helper
INFO - 2025-02-25 08:57:51 --> Helper loaded: date_helper
INFO - 2025-02-25 08:57:51 --> Helper loaded: array_helper
INFO - 2025-02-25 08:57:52 --> Helper loaded: security_helper
INFO - 2025-02-25 08:57:52 --> Helper loaded: text_helper
INFO - 2025-02-25 08:57:52 --> Helper loaded: session_helper
INFO - 2025-02-25 08:57:52 --> Helper loaded: language_helper
INFO - 2025-02-25 08:57:52 --> Helper loaded: multilang_helper
INFO - 2025-02-25 08:57:52 --> Controller Class Initialized
INFO - 2025-02-25 08:57:52 --> Language file loaded: language/english/test_lang.php
INFO - 2025-02-25 08:57:52 --> File loaded: D:\noSync\Server\php\2025\HS-Sistema\hs-systems-app\application\views\test/inicio.php
INFO - 2025-02-25 08:57:52 --> Final output sent to browser
DEBUG - 2025-02-25 08:57:52 --> Total execution time: 8.2021
INFO - 2025-02-25 09:00:44 --> Config Class Initialized
INFO - 2025-02-25 09:00:44 --> Hooks Class Initialized
DEBUG - 2025-02-25 09:00:44 --> UTF-8 Support Enabled
INFO - 2025-02-25 09:00:44 --> Utf8 Class Initialized
INFO - 2025-02-25 09:00:44 --> URI Class Initialized
DEBUG - 2025-02-25 09:00:44 --> No URI present. Default controller set.
INFO - 2025-02-25 09:00:44 --> Router Class Initialized
INFO - 2025-02-25 09:00:44 --> Output Class Initialized
INFO - 2025-02-25 09:00:44 --> Security Class Initialized
DEBUG - 2025-02-25 09:00:44 --> Global POST, GET and COOKIE data sanitized
INFO - 2025-02-25 09:00:44 --> Input Class Initialized
INFO - 2025-02-25 09:00:44 --> Language Class Initialized
INFO - 2025-02-25 09:00:44 --> Loader Class Initialized
INFO - 2025-02-25 09:00:44 --> Helper loaded: url_helper
INFO - 2025-02-25 09:00:44 --> Helper loaded: string_helper
INFO - 2025-02-25 09:00:44 --> Helper loaded: date_helper
INFO - 2025-02-25 09:00:44 --> Helper loaded: array_helper
INFO - 2025-02-25 09:00:44 --> Helper loaded: security_helper
INFO - 2025-02-25 09:00:44 --> Helper loaded: text_helper
INFO - 2025-02-25 09:00:44 --> Helper loaded: session_helper
INFO - 2025-02-25 09:00:44 --> Helper loaded: language_helper
INFO - 2025-02-25 09:00:44 --> Helper loaded: multilang_helper
INFO - 2025-02-25 09:00:44 --> Controller Class Initialized
INFO - 2025-02-25 09:00:45 --> Database Driver Class Initialized
ERROR - 2025-02-25 09:00:46 --> Severity: Warning --> mysqli::real_connect(): Error while reading greeting packet. PID=13244 D:\noSync\Server\php\2025\HS-Sistema\hs-systems-app\system\database\drivers\mysqli\mysqli_driver.php 201
ERROR - 2025-02-25 09:00:46 --> Severity: error --> Exception: MySQL server has gone away D:\noSync\Server\php\2025\HS-Sistema\hs-systems-app\system\database\drivers\mysqli\mysqli_driver.php 201
ERROR - 2025-02-25 09:00:46 --> Severity: Warning --> include(D:\noSync\Server\php\2025\HS-Sistema\hs-systems-app\application\views\errors\html\error_exception.php): Failed to open stream: No such file or directory D:\noSync\Server\php\2025\HS-Sistema\hs-systems-app\system\core\Exceptions.php 221
ERROR - 2025-02-25 09:00:46 --> Severity: Warning --> include(): Failed opening 'D:\noSync\Server\php\2025\HS-Sistema\hs-systems-app\application\views\errors\html\error_exception.php' for inclusion (include_path='C:\xampp\php\PEAR') D:\noSync\Server\php\2025\HS-Sistema\hs-systems-app\system\core\Exceptions.php 221
INFO - 2025-02-25 09:00:52 --> Config Class Initialized
INFO - 2025-02-25 09:00:52 --> Hooks Class Initialized
DEBUG - 2025-02-25 09:00:52 --> UTF-8 Support Enabled
INFO - 2025-02-25 09:00:52 --> Utf8 Class Initialized
INFO - 2025-02-25 09:00:52 --> URI Class Initialized
DEBUG - 2025-02-25 09:00:52 --> No URI present. Default controller set.
INFO - 2025-02-25 09:00:52 --> Router Class Initialized
INFO - 2025-02-25 09:00:52 --> Output Class Initialized
INFO - 2025-02-25 09:00:52 --> Security Class Initialized
DEBUG - 2025-02-25 09:00:52 --> Global POST, GET and COOKIE data sanitized
INFO - 2025-02-25 09:00:52 --> Input Class Initialized
INFO - 2025-02-25 09:00:52 --> Language Class Initialized
INFO - 2025-02-25 09:00:52 --> Loader Class Initialized
INFO - 2025-02-25 09:00:52 --> Helper loaded: url_helper
INFO - 2025-02-25 09:00:52 --> Helper loaded: string_helper
INFO - 2025-02-25 09:00:52 --> Helper loaded: date_helper
INFO - 2025-02-25 09:00:52 --> Helper loaded: array_helper
INFO - 2025-02-25 09:00:52 --> Helper loaded: security_helper
INFO - 2025-02-25 09:00:52 --> Helper loaded: text_helper
INFO - 2025-02-25 09:00:52 --> Helper loaded: session_helper
INFO - 2025-02-25 09:00:52 --> Helper loaded: language_helper
INFO - 2025-02-25 09:00:52 --> Helper loaded: multilang_helper
INFO - 2025-02-25 09:00:52 --> Controller Class Initialized
INFO - 2025-02-25 09:00:52 --> Database Driver Class Initialized
INFO - 2025-02-25 09:00:53 --> Database Driver Class Initialized
INFO - 2025-02-25 09:00:53 --> Model "Querys" initialized
INFO - 2025-02-25 09:00:53 --> File loaded: D:\noSync\Server\php\2025\HS-Sistema\hs-systems-app\application\views\loop/header.php
INFO - 2025-02-25 09:00:54 --> File loaded: D:\noSync\Server\php\2025\HS-Sistema\hs-systems-app\application\views\loop/body/login.php
INFO - 2025-02-25 09:00:54 --> File loaded: D:\noSync\Server\php\2025\HS-Sistema\hs-systems-app\application\views\login/sign-in.php
INFO - 2025-02-25 09:00:54 --> File loaded: D:\noSync\Server\php\2025\HS-Sistema\hs-systems-app\application\views\loop/footer/copyright.php
INFO - 2025-02-25 09:00:54 --> File loaded: D:\noSync\Server\php\2025\HS-Sistema\hs-systems-app\application\views\loop/footer/dark_light.php
INFO - 2025-02-25 09:00:54 --> File loaded: D:\noSync\Server\php\2025\HS-Sistema\hs-systems-app\application\views\loop/footer/footer.php
INFO - 2025-02-25 09:00:54 --> Final output sent to browser
DEBUG - 2025-02-25 09:00:54 --> Total execution time: 1.6773
INFO - 2025-02-25 09:53:51 --> Config Class Initialized
INFO - 2025-02-25 09:53:51 --> Hooks Class Initialized
DEBUG - 2025-02-25 09:53:51 --> UTF-8 Support Enabled
INFO - 2025-02-25 09:53:51 --> Utf8 Class Initialized
INFO - 2025-02-25 09:53:51 --> URI Class Initialized
INFO - 2025-02-25 09:53:51 --> Router Class Initialized
INFO - 2025-02-25 09:53:51 --> Output Class Initialized
INFO - 2025-02-25 09:53:51 --> Security Class Initialized
DEBUG - 2025-02-25 09:53:51 --> Global POST, GET and COOKIE data sanitized
INFO - 2025-02-25 09:53:51 --> Input Class Initialized
INFO - 2025-02-25 09:53:51 --> Language Class Initialized
INFO - 2025-02-25 09:53:51 --> Loader Class Initialized
INFO - 2025-02-25 09:53:51 --> Helper loaded: url_helper
INFO - 2025-02-25 09:53:51 --> Helper loaded: string_helper
INFO - 2025-02-25 09:53:51 --> Helper loaded: date_helper
INFO - 2025-02-25 09:53:51 --> Helper loaded: array_helper
INFO - 2025-02-25 09:53:51 --> Helper loaded: security_helper
INFO - 2025-02-25 09:53:51 --> Helper loaded: text_helper
INFO - 2025-02-25 09:53:51 --> Helper loaded: session_helper
INFO - 2025-02-25 09:53:51 --> Helper loaded: language_helper
INFO - 2025-02-25 09:53:51 --> Helper loaded: multilang_helper
INFO - 2025-02-25 09:53:51 --> Controller Class Initialized
INFO - 2025-02-25 09:53:51 --> Language file loaded: language/english/test_lang.php
INFO - 2025-02-25 09:53:51 --> File loaded: D:\noSync\Server\php\2025\HS-Sistema\hs-systems-app\application\views\test/inicio.php
INFO - 2025-02-25 09:53:51 --> Final output sent to browser
DEBUG - 2025-02-25 09:53:51 --> Total execution time: 0.1311
INFO - 2025-02-25 22:52:49 --> Config Class Initialized
INFO - 2025-02-25 22:52:49 --> Hooks Class Initialized
DEBUG - 2025-02-25 22:52:50 --> UTF-8 Support Enabled
INFO - 2025-02-25 22:52:50 --> Utf8 Class Initialized
INFO - 2025-02-25 22:52:50 --> URI Class Initialized
INFO - 2025-02-25 22:52:50 --> Router Class Initialized
INFO - 2025-02-25 22:52:50 --> Output Class Initialized
INFO - 2025-02-25 22:52:50 --> Security Class Initialized
DEBUG - 2025-02-25 22:52:50 --> Global POST, GET and COOKIE data sanitized
INFO - 2025-02-25 22:52:50 --> Input Class Initialized
INFO - 2025-02-25 22:52:50 --> Language Class Initialized
INFO - 2025-02-25 22:52:51 --> Loader Class Initialized
INFO - 2025-02-25 22:52:51 --> Helper loaded: url_helper
INFO - 2025-02-25 22:52:51 --> Helper loaded: string_helper
INFO - 2025-02-25 22:52:51 --> Helper loaded: date_helper
INFO - 2025-02-25 22:52:51 --> Helper loaded: array_helper
INFO - 2025-02-25 22:52:51 --> Helper loaded: security_helper
INFO - 2025-02-25 22:52:51 --> Helper loaded: text_helper
INFO - 2025-02-25 22:52:52 --> Helper loaded: session_helper
INFO - 2025-02-25 22:52:52 --> Helper loaded: language_helper
INFO - 2025-02-25 22:52:52 --> Helper loaded: multilang_helper
INFO - 2025-02-25 22:52:52 --> Controller Class Initialized
INFO - 2025-02-25 22:52:52 --> Language file loaded: language/spanish/test_lang.php
INFO - 2025-02-25 22:52:52 --> File loaded: D:\noSync\Server\php\2025\HS-Sistema\hs-systems-app\application\views\test/inicio.php
INFO - 2025-02-25 22:52:52 --> Final output sent to browser
DEBUG - 2025-02-25 22:52:52 --> Total execution time: 3.1346
INFO - 2025-02-25 23:31:01 --> Config Class Initialized
INFO - 2025-02-25 23:31:01 --> Hooks Class Initialized
DEBUG - 2025-02-25 23:31:01 --> UTF-8 Support Enabled
INFO - 2025-02-25 23:31:01 --> Utf8 Class Initialized
INFO - 2025-02-25 23:31:01 --> URI Class Initialized
INFO - 2025-02-25 23:31:01 --> Router Class Initialized
INFO - 2025-02-25 23:31:01 --> Output Class Initialized
INFO - 2025-02-25 23:31:01 --> Security Class Initialized
DEBUG - 2025-02-25 23:31:01 --> Global POST, GET and COOKIE data sanitized
INFO - 2025-02-25 23:31:01 --> Input Class Initialized
INFO - 2025-02-25 23:31:01 --> Language Class Initialized
INFO - 2025-02-25 23:31:01 --> Loader Class Initialized
INFO - 2025-02-25 23:31:01 --> Helper loaded: url_helper
INFO - 2025-02-25 23:31:01 --> Helper loaded: string_helper
INFO - 2025-02-25 23:31:01 --> Helper loaded: date_helper
INFO - 2025-02-25 23:31:01 --> Helper loaded: array_helper
INFO - 2025-02-25 23:31:01 --> Helper loaded: security_helper
INFO - 2025-02-25 23:31:01 --> Helper loaded: text_helper
INFO - 2025-02-25 23:31:01 --> Helper loaded: session_helper
INFO - 2025-02-25 23:31:01 --> Helper loaded: language_helper
INFO - 2025-02-25 23:31:01 --> Helper loaded: multilang_helper
INFO - 2025-02-25 23:31:01 --> Controller Class Initialized
INFO - 2025-02-25 23:31:01 --> Language file loaded: language/english/test_lang.php
INFO - 2025-02-25 23:31:01 --> File loaded: D:\noSync\Server\php\2025\HS-Sistema\hs-systems-app\application\views\test/inicio.php
INFO - 2025-02-25 23:31:01 --> Final output sent to browser
DEBUG - 2025-02-25 23:31:01 --> Total execution time: 0.1853
INFO - 2025-02-25 23:31:07 --> Config Class Initialized
INFO - 2025-02-25 23:31:07 --> Hooks Class Initialized
DEBUG - 2025-02-25 23:31:07 --> UTF-8 Support Enabled
INFO - 2025-02-25 23:31:07 --> Utf8 Class Initialized
INFO - 2025-02-25 23:31:07 --> URI Class Initialized
INFO - 2025-02-25 23:31:07 --> Router Class Initialized
INFO - 2025-02-25 23:31:07 --> Output Class Initialized
INFO - 2025-02-25 23:31:07 --> Security Class Initialized
DEBUG - 2025-02-25 23:31:07 --> Global POST, GET and COOKIE data sanitized
INFO - 2025-02-25 23:31:07 --> Input Class Initialized
INFO - 2025-02-25 23:31:07 --> Language Class Initialized
INFO - 2025-02-25 23:31:07 --> Loader Class Initialized
INFO - 2025-02-25 23:31:07 --> Helper loaded: url_helper
INFO - 2025-02-25 23:31:07 --> Helper loaded: string_helper
INFO - 2025-02-25 23:31:07 --> Helper loaded: date_helper
INFO - 2025-02-25 23:31:07 --> Helper loaded: array_helper
INFO - 2025-02-25 23:31:07 --> Helper loaded: security_helper
INFO - 2025-02-25 23:31:07 --> Helper loaded: text_helper
INFO - 2025-02-25 23:31:07 --> Helper loaded: session_helper
INFO - 2025-02-25 23:31:07 --> Helper loaded: language_helper
INFO - 2025-02-25 23:31:07 --> Helper loaded: multilang_helper
INFO - 2025-02-25 23:31:07 --> Controller Class Initialized
INFO - 2025-02-25 23:31:07 --> Language file loaded: language/spanish/test_lang.php
INFO - 2025-02-25 23:31:07 --> File loaded: D:\noSync\Server\php\2025\HS-Sistema\hs-systems-app\application\views\test/inicio.php
INFO - 2025-02-25 23:31:07 --> Final output sent to browser
DEBUG - 2025-02-25 23:31:07 --> Total execution time: 0.2519
