INFO - 2025-02-23 23:45:25 --> Config Class Initialized
INFO - 2025-02-23 23:45:25 --> Hooks Class Initialized
DEBUG - 2025-02-23 23:45:25 --> UTF-8 Support Enabled
INFO - 2025-02-23 23:45:25 --> Utf8 Class Initialized
INFO - 2025-02-23 23:45:25 --> URI Class Initialized
DEBUG - 2025-02-23 23:45:25 --> No URI present. Default controller set.
INFO - 2025-02-23 23:45:25 --> Router Class Initialized
INFO - 2025-02-23 23:45:25 --> Output Class Initialized
INFO - 2025-02-23 23:45:25 --> Security Class Initialized
DEBUG - 2025-02-23 23:45:25 --> Global POST, GET and COOKIE data sanitized
INFO - 2025-02-23 23:45:25 --> Input Class Initialized
INFO - 2025-02-23 23:45:25 --> Language Class Initialized
INFO - 2025-02-23 23:45:25 --> Loader Class Initialized
INFO - 2025-02-23 23:45:25 --> Helper loaded: url_helper
INFO - 2025-02-23 23:45:25 --> Helper loaded: string_helper
INFO - 2025-02-23 23:45:25 --> Helper loaded: date_helper
INFO - 2025-02-23 23:45:25 --> Helper loaded: array_helper
INFO - 2025-02-23 23:45:25 --> Helper loaded: security_helper
INFO - 2025-02-23 23:45:25 --> Helper loaded: text_helper
INFO - 2025-02-23 23:45:25 --> Helper loaded: session_helper
INFO - 2025-02-23 23:45:25 --> Controller Class Initialized
INFO - 2025-02-23 23:45:25 --> Database Driver Class Initialized
INFO - 2025-02-23 23:45:25 --> Config Class Initialized
INFO - 2025-02-23 23:45:25 --> Hooks Class Initialized
DEBUG - 2025-02-23 23:45:25 --> UTF-8 Support Enabled
INFO - 2025-02-23 23:45:25 --> Utf8 Class Initialized
INFO - 2025-02-23 23:45:25 --> URI Class Initialized
DEBUG - 2025-02-23 23:45:25 --> No URI present. Default controller set.
INFO - 2025-02-23 23:45:25 --> Router Class Initialized
INFO - 2025-02-23 23:45:25 --> Output Class Initialized
INFO - 2025-02-23 23:45:25 --> Security Class Initialized
DEBUG - 2025-02-23 23:45:25 --> Global POST, GET and COOKIE data sanitized
INFO - 2025-02-23 23:45:25 --> Input Class Initialized
INFO - 2025-02-23 23:45:25 --> Language Class Initialized
INFO - 2025-02-23 23:45:25 --> Loader Class Initialized
INFO - 2025-02-23 23:45:25 --> Helper loaded: url_helper
INFO - 2025-02-23 23:45:25 --> Helper loaded: string_helper
INFO - 2025-02-23 23:45:25 --> Helper loaded: date_helper
INFO - 2025-02-23 23:45:25 --> Helper loaded: array_helper
INFO - 2025-02-23 23:45:25 --> Helper loaded: security_helper
INFO - 2025-02-23 23:45:25 --> Helper loaded: text_helper
INFO - 2025-02-23 23:45:25 --> Helper loaded: session_helper
INFO - 2025-02-23 23:45:25 --> Controller Class Initialized
INFO - 2025-02-23 23:45:25 --> Database Driver Class Initialized
INFO - 2025-02-23 23:45:25 --> Config Class Initialized
INFO - 2025-02-23 23:45:25 --> Hooks Class Initialized
DEBUG - 2025-02-23 23:45:26 --> UTF-8 Support Enabled
INFO - 2025-02-23 23:45:26 --> Utf8 Class Initialized
INFO - 2025-02-23 23:45:26 --> URI Class Initialized
DEBUG - 2025-02-23 23:45:26 --> No URI present. Default controller set.
INFO - 2025-02-23 23:45:26 --> Router Class Initialized
INFO - 2025-02-23 23:45:26 --> Output Class Initialized
INFO - 2025-02-23 23:45:26 --> Security Class Initialized
DEBUG - 2025-02-23 23:45:26 --> Global POST, GET and COOKIE data sanitized
INFO - 2025-02-23 23:45:26 --> Input Class Initialized
INFO - 2025-02-23 23:45:26 --> Language Class Initialized
INFO - 2025-02-23 23:45:26 --> Loader Class Initialized
INFO - 2025-02-23 23:45:26 --> Helper loaded: url_helper
INFO - 2025-02-23 23:45:26 --> Helper loaded: string_helper
INFO - 2025-02-23 23:45:26 --> Helper loaded: date_helper
INFO - 2025-02-23 23:45:26 --> Helper loaded: array_helper
INFO - 2025-02-23 23:45:26 --> Helper loaded: security_helper
INFO - 2025-02-23 23:45:26 --> Helper loaded: text_helper
INFO - 2025-02-23 23:45:26 --> Helper loaded: session_helper
INFO - 2025-02-23 23:45:26 --> Controller Class Initialized
INFO - 2025-02-23 23:45:26 --> Database Driver Class Initialized
INFO - 2025-02-23 23:45:26 --> Database Driver Class Initialized
INFO - 2025-02-23 23:45:26 --> Database Driver Class Initialized
INFO - 2025-02-23 23:45:26 --> Database Driver Class Initialized
INFO - 2025-02-23 23:45:26 --> Model "Querys" initialized
INFO - 2025-02-23 23:45:26 --> File loaded: D:\noSync\Server\php\2025\HS-Sistema\hs-systems-app\application\views\loop/header.php
INFO - 2025-02-23 23:45:26 --> File loaded: D:\noSync\Server\php\2025\HS-Sistema\hs-systems-app\application\views\loop/body/login.php
INFO - 2025-02-23 23:45:26 --> File loaded: D:\noSync\Server\php\2025\HS-Sistema\hs-systems-app\application\views\login/sign-in.php
INFO - 2025-02-23 23:45:26 --> File loaded: D:\noSync\Server\php\2025\HS-Sistema\hs-systems-app\application\views\loop/footer/copyright.php
INFO - 2025-02-23 23:45:26 --> File loaded: D:\noSync\Server\php\2025\HS-Sistema\hs-systems-app\application\views\loop/footer/dark_light.php
INFO - 2025-02-23 23:45:26 --> File loaded: D:\noSync\Server\php\2025\HS-Sistema\hs-systems-app\application\views\loop/footer/footer.php
INFO - 2025-02-23 23:45:26 --> Final output sent to browser
DEBUG - 2025-02-23 23:45:26 --> Total execution time: 1.0935
INFO - 2025-02-23 23:45:26 --> Model "Querys" initialized
INFO - 2025-02-23 23:45:26 --> File loaded: D:\noSync\Server\php\2025\HS-Sistema\hs-systems-app\application\views\loop/header.php
INFO - 2025-02-23 23:45:26 --> File loaded: D:\noSync\Server\php\2025\HS-Sistema\hs-systems-app\application\views\loop/body/login.php
INFO - 2025-02-23 23:45:26 --> File loaded: D:\noSync\Server\php\2025\HS-Sistema\hs-systems-app\application\views\login/sign-in.php
INFO - 2025-02-23 23:45:26 --> File loaded: D:\noSync\Server\php\2025\HS-Sistema\hs-systems-app\application\views\loop/footer/copyright.php
INFO - 2025-02-23 23:45:26 --> File loaded: D:\noSync\Server\php\2025\HS-Sistema\hs-systems-app\application\views\loop/footer/dark_light.php
INFO - 2025-02-23 23:45:26 --> Model "Querys" initialized
INFO - 2025-02-23 23:45:26 --> File loaded: D:\noSync\Server\php\2025\HS-Sistema\hs-systems-app\application\views\loop/footer/footer.php
INFO - 2025-02-23 23:45:26 --> Final output sent to browser
DEBUG - 2025-02-23 23:45:26 --> Total execution time: 1.1331
INFO - 2025-02-23 23:45:27 --> File loaded: D:\noSync\Server\php\2025\HS-Sistema\hs-systems-app\application\views\loop/header.php
INFO - 2025-02-23 23:45:27 --> File loaded: D:\noSync\Server\php\2025\HS-Sistema\hs-systems-app\application\views\loop/body/login.php
INFO - 2025-02-23 23:45:27 --> File loaded: D:\noSync\Server\php\2025\HS-Sistema\hs-systems-app\application\views\login/sign-in.php
INFO - 2025-02-23 23:45:27 --> File loaded: D:\noSync\Server\php\2025\HS-Sistema\hs-systems-app\application\views\loop/footer/copyright.php
INFO - 2025-02-23 23:45:27 --> File loaded: D:\noSync\Server\php\2025\HS-Sistema\hs-systems-app\application\views\loop/footer/dark_light.php
INFO - 2025-02-23 23:45:27 --> File loaded: D:\noSync\Server\php\2025\HS-Sistema\hs-systems-app\application\views\loop/footer/footer.php
INFO - 2025-02-23 23:45:27 --> Final output sent to browser
DEBUG - 2025-02-23 23:45:27 --> Total execution time: 1.1517
INFO - 2025-02-23 23:45:45 --> Config Class Initialized
INFO - 2025-02-23 23:45:45 --> Hooks Class Initialized
DEBUG - 2025-02-23 23:45:45 --> UTF-8 Support Enabled
INFO - 2025-02-23 23:45:45 --> Utf8 Class Initialized
INFO - 2025-02-23 23:45:45 --> URI Class Initialized
DEBUG - 2025-02-23 23:45:45 --> No URI present. Default controller set.
INFO - 2025-02-23 23:45:45 --> Router Class Initialized
INFO - 2025-02-23 23:45:45 --> Output Class Initialized
INFO - 2025-02-23 23:45:45 --> Security Class Initialized
DEBUG - 2025-02-23 23:45:45 --> Global POST, GET and COOKIE data sanitized
INFO - 2025-02-23 23:45:45 --> Input Class Initialized
INFO - 2025-02-23 23:45:45 --> Language Class Initialized
INFO - 2025-02-23 23:45:45 --> Loader Class Initialized
INFO - 2025-02-23 23:45:45 --> Helper loaded: url_helper
INFO - 2025-02-23 23:45:45 --> Helper loaded: string_helper
INFO - 2025-02-23 23:45:45 --> Helper loaded: date_helper
INFO - 2025-02-23 23:45:45 --> Helper loaded: array_helper
INFO - 2025-02-23 23:45:45 --> Helper loaded: security_helper
INFO - 2025-02-23 23:45:45 --> Helper loaded: text_helper
INFO - 2025-02-23 23:45:45 --> Helper loaded: session_helper
INFO - 2025-02-23 23:45:45 --> Controller Class Initialized
INFO - 2025-02-23 23:45:45 --> Database Driver Class Initialized
INFO - 2025-02-23 23:45:45 --> Database Driver Class Initialized
INFO - 2025-02-23 23:45:46 --> Model "Querys" initialized
INFO - 2025-02-23 23:45:46 --> File loaded: D:\noSync\Server\php\2025\HS-Sistema\hs-systems-app\application\views\loop/header.php
INFO - 2025-02-23 23:45:46 --> File loaded: D:\noSync\Server\php\2025\HS-Sistema\hs-systems-app\application\views\loop/body/login.php
INFO - 2025-02-23 23:45:46 --> File loaded: D:\noSync\Server\php\2025\HS-Sistema\hs-systems-app\application\views\login/sign-in.php
INFO - 2025-02-23 23:45:46 --> File loaded: D:\noSync\Server\php\2025\HS-Sistema\hs-systems-app\application\views\loop/footer/copyright.php
INFO - 2025-02-23 23:45:46 --> File loaded: D:\noSync\Server\php\2025\HS-Sistema\hs-systems-app\application\views\loop/footer/dark_light.php
INFO - 2025-02-23 23:45:46 --> File loaded: D:\noSync\Server\php\2025\HS-Sistema\hs-systems-app\application\views\loop/footer/footer.php
INFO - 2025-02-23 23:45:46 --> Final output sent to browser
DEBUG - 2025-02-23 23:45:46 --> Total execution time: 1.0783
INFO - 2025-02-23 23:47:04 --> Config Class Initialized
INFO - 2025-02-23 23:47:04 --> Hooks Class Initialized
DEBUG - 2025-02-23 23:47:04 --> UTF-8 Support Enabled
INFO - 2025-02-23 23:47:04 --> Utf8 Class Initialized
INFO - 2025-02-23 23:47:04 --> URI Class Initialized
DEBUG - 2025-02-23 23:47:04 --> No URI present. Default controller set.
INFO - 2025-02-23 23:47:04 --> Router Class Initialized
INFO - 2025-02-23 23:47:04 --> Output Class Initialized
INFO - 2025-02-23 23:47:04 --> Security Class Initialized
DEBUG - 2025-02-23 23:47:04 --> Global POST, GET and COOKIE data sanitized
INFO - 2025-02-23 23:47:04 --> Input Class Initialized
INFO - 2025-02-23 23:47:04 --> Language Class Initialized
INFO - 2025-02-23 23:47:04 --> Loader Class Initialized
INFO - 2025-02-23 23:47:04 --> Helper loaded: url_helper
INFO - 2025-02-23 23:47:04 --> Helper loaded: string_helper
INFO - 2025-02-23 23:47:04 --> Helper loaded: date_helper
INFO - 2025-02-23 23:47:04 --> Helper loaded: array_helper
INFO - 2025-02-23 23:47:04 --> Helper loaded: security_helper
INFO - 2025-02-23 23:47:04 --> Helper loaded: text_helper
INFO - 2025-02-23 23:47:04 --> Helper loaded: session_helper
INFO - 2025-02-23 23:47:04 --> Controller Class Initialized
INFO - 2025-02-23 23:47:04 --> Database Driver Class Initialized
INFO - 2025-02-23 23:47:04 --> Database Driver Class Initialized
INFO - 2025-02-23 23:47:05 --> Model "Querys" initialized
INFO - 2025-02-23 23:47:05 --> File loaded: D:\noSync\Server\php\2025\HS-Sistema\hs-systems-app\application\views\loop/header.php
INFO - 2025-02-23 23:47:05 --> File loaded: D:\noSync\Server\php\2025\HS-Sistema\hs-systems-app\application\views\loop/body/login.php
INFO - 2025-02-23 23:47:05 --> File loaded: D:\noSync\Server\php\2025\HS-Sistema\hs-systems-app\application\views\login/sign-in.php
INFO - 2025-02-23 23:47:05 --> File loaded: D:\noSync\Server\php\2025\HS-Sistema\hs-systems-app\application\views\loop/footer/copyright.php
INFO - 2025-02-23 23:47:05 --> File loaded: D:\noSync\Server\php\2025\HS-Sistema\hs-systems-app\application\views\loop/footer/dark_light.php
INFO - 2025-02-23 23:47:05 --> File loaded: D:\noSync\Server\php\2025\HS-Sistema\hs-systems-app\application\views\loop/footer/footer.php
INFO - 2025-02-23 23:47:05 --> Final output sent to browser
DEBUG - 2025-02-23 23:47:05 --> Total execution time: 1.0873
INFO - 2025-02-23 23:48:51 --> Config Class Initialized
INFO - 2025-02-23 23:48:51 --> Hooks Class Initialized
DEBUG - 2025-02-23 23:48:51 --> UTF-8 Support Enabled
INFO - 2025-02-23 23:48:51 --> Utf8 Class Initialized
INFO - 2025-02-23 23:48:51 --> URI Class Initialized
DEBUG - 2025-02-23 23:48:51 --> No URI present. Default controller set.
INFO - 2025-02-23 23:48:51 --> Router Class Initialized
INFO - 2025-02-23 23:48:51 --> Output Class Initialized
INFO - 2025-02-23 23:48:51 --> Security Class Initialized
DEBUG - 2025-02-23 23:48:51 --> Global POST, GET and COOKIE data sanitized
INFO - 2025-02-23 23:48:51 --> Input Class Initialized
INFO - 2025-02-23 23:48:52 --> Language Class Initialized
INFO - 2025-02-23 23:48:52 --> Loader Class Initialized
INFO - 2025-02-23 23:48:52 --> Helper loaded: url_helper
INFO - 2025-02-23 23:48:52 --> Helper loaded: string_helper
INFO - 2025-02-23 23:48:52 --> Helper loaded: date_helper
INFO - 2025-02-23 23:48:52 --> Helper loaded: array_helper
INFO - 2025-02-23 23:48:52 --> Helper loaded: security_helper
INFO - 2025-02-23 23:48:52 --> Helper loaded: text_helper
INFO - 2025-02-23 23:48:52 --> Helper loaded: session_helper
INFO - 2025-02-23 23:48:52 --> Controller Class Initialized
INFO - 2025-02-23 23:48:52 --> Database Driver Class Initialized
INFO - 2025-02-23 23:48:52 --> Database Driver Class Initialized
INFO - 2025-02-23 23:48:52 --> Model "Querys" initialized
INFO - 2025-02-23 23:48:53 --> File loaded: D:\noSync\Server\php\2025\HS-Sistema\hs-systems-app\application\views\loop/header.php
INFO - 2025-02-23 23:48:53 --> File loaded: D:\noSync\Server\php\2025\HS-Sistema\hs-systems-app\application\views\loop/body/login.php
INFO - 2025-02-23 23:48:53 --> File loaded: D:\noSync\Server\php\2025\HS-Sistema\hs-systems-app\application\views\login/sign-in.php
INFO - 2025-02-23 23:48:53 --> File loaded: D:\noSync\Server\php\2025\HS-Sistema\hs-systems-app\application\views\loop/footer/copyright.php
INFO - 2025-02-23 23:48:53 --> File loaded: D:\noSync\Server\php\2025\HS-Sistema\hs-systems-app\application\views\loop/footer/dark_light.php
INFO - 2025-02-23 23:48:53 --> File loaded: D:\noSync\Server\php\2025\HS-Sistema\hs-systems-app\application\views\loop/footer/footer.php
INFO - 2025-02-23 23:48:53 --> Final output sent to browser
DEBUG - 2025-02-23 23:48:53 --> Total execution time: 1.0879
INFO - 2025-02-23 23:49:06 --> Config Class Initialized
INFO - 2025-02-23 23:49:06 --> Hooks Class Initialized
DEBUG - 2025-02-23 23:49:06 --> UTF-8 Support Enabled
INFO - 2025-02-23 23:49:06 --> Utf8 Class Initialized
INFO - 2025-02-23 23:49:06 --> URI Class Initialized
DEBUG - 2025-02-23 23:49:06 --> No URI present. Default controller set.
INFO - 2025-02-23 23:49:06 --> Router Class Initialized
INFO - 2025-02-23 23:49:06 --> Output Class Initialized
INFO - 2025-02-23 23:49:06 --> Security Class Initialized
DEBUG - 2025-02-23 23:49:06 --> Global POST, GET and COOKIE data sanitized
INFO - 2025-02-23 23:49:06 --> Input Class Initialized
INFO - 2025-02-23 23:49:06 --> Language Class Initialized
INFO - 2025-02-23 23:49:06 --> Loader Class Initialized
INFO - 2025-02-23 23:49:06 --> Helper loaded: url_helper
INFO - 2025-02-23 23:49:06 --> Helper loaded: string_helper
INFO - 2025-02-23 23:49:06 --> Helper loaded: date_helper
INFO - 2025-02-23 23:49:06 --> Helper loaded: array_helper
INFO - 2025-02-23 23:49:06 --> Helper loaded: security_helper
INFO - 2025-02-23 23:49:06 --> Helper loaded: text_helper
INFO - 2025-02-23 23:49:06 --> Helper loaded: session_helper
INFO - 2025-02-23 23:49:06 --> Controller Class Initialized
INFO - 2025-02-23 23:49:06 --> Database Driver Class Initialized
INFO - 2025-02-23 23:49:07 --> Database Driver Class Initialized
INFO - 2025-02-23 23:49:07 --> Model "Querys" initialized
INFO - 2025-02-23 23:49:07 --> File loaded: D:\noSync\Server\php\2025\HS-Sistema\hs-systems-app\application\views\loop/header.php
INFO - 2025-02-23 23:49:07 --> File loaded: D:\noSync\Server\php\2025\HS-Sistema\hs-systems-app\application\views\loop/body/login.php
INFO - 2025-02-23 23:49:07 --> File loaded: D:\noSync\Server\php\2025\HS-Sistema\hs-systems-app\application\views\login/sign-in.php
INFO - 2025-02-23 23:49:07 --> File loaded: D:\noSync\Server\php\2025\HS-Sistema\hs-systems-app\application\views\loop/footer/copyright.php
INFO - 2025-02-23 23:49:07 --> File loaded: D:\noSync\Server\php\2025\HS-Sistema\hs-systems-app\application\views\loop/footer/dark_light.php
INFO - 2025-02-23 23:49:07 --> File loaded: D:\noSync\Server\php\2025\HS-Sistema\hs-systems-app\application\views\loop/footer/footer.php
INFO - 2025-02-23 23:49:07 --> Final output sent to browser
DEBUG - 2025-02-23 23:49:07 --> Total execution time: 1.2684
INFO - 2025-02-23 23:49:29 --> Config Class Initialized
INFO - 2025-02-23 23:49:29 --> Hooks Class Initialized
DEBUG - 2025-02-23 23:49:29 --> UTF-8 Support Enabled
INFO - 2025-02-23 23:49:29 --> Utf8 Class Initialized
INFO - 2025-02-23 23:49:29 --> URI Class Initialized
DEBUG - 2025-02-23 23:49:29 --> No URI present. Default controller set.
INFO - 2025-02-23 23:49:29 --> Router Class Initialized
INFO - 2025-02-23 23:49:29 --> Output Class Initialized
INFO - 2025-02-23 23:49:29 --> Security Class Initialized
DEBUG - 2025-02-23 23:49:29 --> Global POST, GET and COOKIE data sanitized
INFO - 2025-02-23 23:49:29 --> Input Class Initialized
INFO - 2025-02-23 23:49:29 --> Language Class Initialized
INFO - 2025-02-23 23:49:29 --> Loader Class Initialized
INFO - 2025-02-23 23:49:29 --> Helper loaded: url_helper
INFO - 2025-02-23 23:49:29 --> Helper loaded: string_helper
INFO - 2025-02-23 23:49:29 --> Helper loaded: date_helper
INFO - 2025-02-23 23:49:29 --> Helper loaded: array_helper
INFO - 2025-02-23 23:49:29 --> Helper loaded: security_helper
INFO - 2025-02-23 23:49:29 --> Helper loaded: text_helper
INFO - 2025-02-23 23:49:29 --> Helper loaded: session_helper
INFO - 2025-02-23 23:49:29 --> Controller Class Initialized
INFO - 2025-02-23 23:49:29 --> Database Driver Class Initialized
INFO - 2025-02-23 23:49:30 --> Database Driver Class Initialized
INFO - 2025-02-23 23:49:30 --> Model "Querys" initialized
INFO - 2025-02-23 23:49:30 --> File loaded: D:\noSync\Server\php\2025\HS-Sistema\hs-systems-app\application\views\loop/header.php
INFO - 2025-02-23 23:49:30 --> File loaded: D:\noSync\Server\php\2025\HS-Sistema\hs-systems-app\application\views\loop/body/login.php
INFO - 2025-02-23 23:49:30 --> File loaded: D:\noSync\Server\php\2025\HS-Sistema\hs-systems-app\application\views\login/sign-in.php
INFO - 2025-02-23 23:49:30 --> File loaded: D:\noSync\Server\php\2025\HS-Sistema\hs-systems-app\application\views\loop/footer/copyright.php
INFO - 2025-02-23 23:49:30 --> File loaded: D:\noSync\Server\php\2025\HS-Sistema\hs-systems-app\application\views\loop/footer/dark_light.php
INFO - 2025-02-23 23:49:30 --> File loaded: D:\noSync\Server\php\2025\HS-Sistema\hs-systems-app\application\views\loop/footer/footer.php
INFO - 2025-02-23 23:49:30 --> Final output sent to browser
DEBUG - 2025-02-23 23:49:30 --> Total execution time: 1.1258
INFO - 2025-02-23 23:56:00 --> Config Class Initialized
INFO - 2025-02-23 23:56:00 --> Hooks Class Initialized
DEBUG - 2025-02-23 23:56:00 --> UTF-8 Support Enabled
INFO - 2025-02-23 23:56:00 --> Utf8 Class Initialized
INFO - 2025-02-23 23:56:00 --> URI Class Initialized
DEBUG - 2025-02-23 23:56:00 --> No URI present. Default controller set.
INFO - 2025-02-23 23:56:00 --> Router Class Initialized
INFO - 2025-02-23 23:56:00 --> Output Class Initialized
INFO - 2025-02-23 23:56:00 --> Security Class Initialized
DEBUG - 2025-02-23 23:56:00 --> Global POST, GET and COOKIE data sanitized
INFO - 2025-02-23 23:56:00 --> Input Class Initialized
INFO - 2025-02-23 23:56:00 --> Language Class Initialized
INFO - 2025-02-23 23:56:01 --> Loader Class Initialized
INFO - 2025-02-23 23:56:01 --> Helper loaded: url_helper
INFO - 2025-02-23 23:56:01 --> Helper loaded: string_helper
INFO - 2025-02-23 23:56:01 --> Helper loaded: date_helper
INFO - 2025-02-23 23:56:01 --> Helper loaded: array_helper
INFO - 2025-02-23 23:56:01 --> Helper loaded: security_helper
INFO - 2025-02-23 23:56:01 --> Helper loaded: text_helper
INFO - 2025-02-23 23:56:01 --> Helper loaded: session_helper
INFO - 2025-02-23 23:56:01 --> Controller Class Initialized
INFO - 2025-02-23 23:56:01 --> Database Driver Class Initialized
INFO - 2025-02-23 23:56:01 --> Database Driver Class Initialized
INFO - 2025-02-23 23:56:02 --> Model "Querys" initialized
INFO - 2025-02-23 23:56:02 --> File loaded: D:\noSync\Server\php\2025\HS-Sistema\hs-systems-app\application\views\loop/header.php
INFO - 2025-02-23 23:56:02 --> File loaded: D:\noSync\Server\php\2025\HS-Sistema\hs-systems-app\application\views\loop/body/login.php
INFO - 2025-02-23 23:56:02 --> File loaded: D:\noSync\Server\php\2025\HS-Sistema\hs-systems-app\application\views\login/sign-in.php
INFO - 2025-02-23 23:56:02 --> File loaded: D:\noSync\Server\php\2025\HS-Sistema\hs-systems-app\application\views\loop/footer/copyright.php
INFO - 2025-02-23 23:56:02 --> File loaded: D:\noSync\Server\php\2025\HS-Sistema\hs-systems-app\application\views\loop/footer/dark_light.php
INFO - 2025-02-23 23:56:02 --> File loaded: D:\noSync\Server\php\2025\HS-Sistema\hs-systems-app\application\views\loop/footer/footer.php
INFO - 2025-02-23 23:56:02 --> Final output sent to browser
DEBUG - 2025-02-23 23:56:02 --> Total execution time: 1.3741
INFO - 2025-02-23 23:56:09 --> Config Class Initialized
INFO - 2025-02-23 23:56:09 --> Hooks Class Initialized
DEBUG - 2025-02-23 23:56:09 --> UTF-8 Support Enabled
INFO - 2025-02-23 23:56:09 --> Utf8 Class Initialized
INFO - 2025-02-23 23:56:09 --> URI Class Initialized
INFO - 2025-02-23 23:56:09 --> Router Class Initialized
INFO - 2025-02-23 23:56:09 --> Output Class Initialized
INFO - 2025-02-23 23:56:09 --> Security Class Initialized
DEBUG - 2025-02-23 23:56:09 --> Global POST, GET and COOKIE data sanitized
INFO - 2025-02-23 23:56:09 --> Input Class Initialized
INFO - 2025-02-23 23:56:09 --> Language Class Initialized
INFO - 2025-02-23 23:56:09 --> Loader Class Initialized
INFO - 2025-02-23 23:56:09 --> Helper loaded: url_helper
INFO - 2025-02-23 23:56:09 --> Helper loaded: string_helper
INFO - 2025-02-23 23:56:09 --> Helper loaded: date_helper
INFO - 2025-02-23 23:56:09 --> Helper loaded: array_helper
INFO - 2025-02-23 23:56:09 --> Helper loaded: security_helper
INFO - 2025-02-23 23:56:09 --> Helper loaded: text_helper
INFO - 2025-02-23 23:56:09 --> Helper loaded: session_helper
INFO - 2025-02-23 23:56:09 --> Controller Class Initialized
INFO - 2025-02-23 23:56:09 --> Database Driver Class Initialized
INFO - 2025-02-23 23:56:09 --> Database Driver Class Initialized
INFO - 2025-02-23 23:56:10 --> Model "Querys" initialized
INFO - 2025-02-23 23:56:10 --> File loaded: D:\noSync\Server\php\2025\HS-Sistema\hs-systems-app\application\views\loop/header.php
INFO - 2025-02-23 23:56:10 --> File loaded: D:\noSync\Server\php\2025\HS-Sistema\hs-systems-app\application\views\loop/body/login.php
INFO - 2025-02-23 23:56:10 --> File loaded: D:\noSync\Server\php\2025\HS-Sistema\hs-systems-app\application\views\login/log-in.php
INFO - 2025-02-23 23:56:10 --> File loaded: D:\noSync\Server\php\2025\HS-Sistema\hs-systems-app\application\views\loop/footer/dark_light.php
INFO - 2025-02-23 23:56:10 --> File loaded: D:\noSync\Server\php\2025\HS-Sistema\hs-systems-app\application\views\loop/footer/copyright.php
INFO - 2025-02-23 23:56:10 --> File loaded: D:\noSync\Server\php\2025\HS-Sistema\hs-systems-app\application\views\loop/footer/footer.php
INFO - 2025-02-23 23:56:10 --> Final output sent to browser
DEBUG - 2025-02-23 23:56:10 --> Total execution time: 1.2792
INFO - 2025-02-23 23:56:12 --> Config Class Initialized
INFO - 2025-02-23 23:56:12 --> Hooks Class Initialized
DEBUG - 2025-02-23 23:56:12 --> UTF-8 Support Enabled
INFO - 2025-02-23 23:56:12 --> Utf8 Class Initialized
INFO - 2025-02-23 23:56:12 --> URI Class Initialized
INFO - 2025-02-23 23:56:12 --> Router Class Initialized
INFO - 2025-02-23 23:56:12 --> Output Class Initialized
INFO - 2025-02-23 23:56:12 --> Security Class Initialized
DEBUG - 2025-02-23 23:56:12 --> Global POST, GET and COOKIE data sanitized
INFO - 2025-02-23 23:56:12 --> Input Class Initialized
INFO - 2025-02-23 23:56:12 --> Language Class Initialized
INFO - 2025-02-23 23:56:12 --> Loader Class Initialized
INFO - 2025-02-23 23:56:12 --> Helper loaded: url_helper
INFO - 2025-02-23 23:56:12 --> Helper loaded: string_helper
INFO - 2025-02-23 23:56:12 --> Helper loaded: date_helper
INFO - 2025-02-23 23:56:12 --> Helper loaded: array_helper
INFO - 2025-02-23 23:56:12 --> Helper loaded: security_helper
INFO - 2025-02-23 23:56:12 --> Helper loaded: text_helper
INFO - 2025-02-23 23:56:12 --> Helper loaded: session_helper
INFO - 2025-02-23 23:56:12 --> Controller Class Initialized
INFO - 2025-02-23 23:56:12 --> Database Driver Class Initialized
INFO - 2025-02-23 23:56:12 --> Database Driver Class Initialized
INFO - 2025-02-23 23:56:13 --> Model "Querys" initialized
INFO - 2025-02-23 23:56:13 --> File loaded: D:\noSync\Server\php\2025\HS-Sistema\hs-systems-app\application\views\loop/header.php
INFO - 2025-02-23 23:56:13 --> File loaded: D:\noSync\Server\php\2025\HS-Sistema\hs-systems-app\application\views\loop/body/login.php
INFO - 2025-02-23 23:56:13 --> File loaded: D:\noSync\Server\php\2025\HS-Sistema\hs-systems-app\application\views\login/log-out.php
INFO - 2025-02-23 23:56:13 --> File loaded: D:\noSync\Server\php\2025\HS-Sistema\hs-systems-app\application\views\loop/footer/dark_light.php
INFO - 2025-02-23 23:56:13 --> File loaded: D:\noSync\Server\php\2025\HS-Sistema\hs-systems-app\application\views\loop/footer/copyright.php
INFO - 2025-02-23 23:56:13 --> File loaded: D:\noSync\Server\php\2025\HS-Sistema\hs-systems-app\application\views\loop/footer/footer.php
INFO - 2025-02-23 23:56:13 --> Final output sent to browser
DEBUG - 2025-02-23 23:56:13 --> Total execution time: 1.1375
INFO - 2025-02-23 23:56:15 --> Config Class Initialized
INFO - 2025-02-23 23:56:15 --> Hooks Class Initialized
DEBUG - 2025-02-23 23:56:15 --> UTF-8 Support Enabled
INFO - 2025-02-23 23:56:15 --> Utf8 Class Initialized
INFO - 2025-02-23 23:56:15 --> URI Class Initialized
DEBUG - 2025-02-23 23:56:15 --> No URI present. Default controller set.
INFO - 2025-02-23 23:56:15 --> Router Class Initialized
INFO - 2025-02-23 23:56:15 --> Output Class Initialized
INFO - 2025-02-23 23:56:15 --> Security Class Initialized
DEBUG - 2025-02-23 23:56:15 --> Global POST, GET and COOKIE data sanitized
INFO - 2025-02-23 23:56:15 --> Input Class Initialized
INFO - 2025-02-23 23:56:15 --> Language Class Initialized
INFO - 2025-02-23 23:56:15 --> Loader Class Initialized
INFO - 2025-02-23 23:56:15 --> Helper loaded: url_helper
INFO - 2025-02-23 23:56:15 --> Helper loaded: string_helper
INFO - 2025-02-23 23:56:15 --> Helper loaded: date_helper
INFO - 2025-02-23 23:56:15 --> Helper loaded: array_helper
INFO - 2025-02-23 23:56:15 --> Helper loaded: security_helper
INFO - 2025-02-23 23:56:15 --> Helper loaded: text_helper
INFO - 2025-02-23 23:56:15 --> Helper loaded: session_helper
INFO - 2025-02-23 23:56:15 --> Controller Class Initialized
INFO - 2025-02-23 23:56:15 --> Database Driver Class Initialized
INFO - 2025-02-23 23:56:15 --> Database Driver Class Initialized
INFO - 2025-02-23 23:56:16 --> Model "Querys" initialized
INFO - 2025-02-23 23:56:16 --> File loaded: D:\noSync\Server\php\2025\HS-Sistema\hs-systems-app\application\views\loop/header.php
INFO - 2025-02-23 23:56:16 --> File loaded: D:\noSync\Server\php\2025\HS-Sistema\hs-systems-app\application\views\loop/body/login.php
INFO - 2025-02-23 23:56:16 --> File loaded: D:\noSync\Server\php\2025\HS-Sistema\hs-systems-app\application\views\login/sign-in.php
INFO - 2025-02-23 23:56:16 --> File loaded: D:\noSync\Server\php\2025\HS-Sistema\hs-systems-app\application\views\loop/footer/copyright.php
INFO - 2025-02-23 23:56:16 --> File loaded: D:\noSync\Server\php\2025\HS-Sistema\hs-systems-app\application\views\loop/footer/dark_light.php
INFO - 2025-02-23 23:56:16 --> File loaded: D:\noSync\Server\php\2025\HS-Sistema\hs-systems-app\application\views\loop/footer/footer.php
INFO - 2025-02-23 23:56:16 --> Final output sent to browser
DEBUG - 2025-02-23 23:56:16 --> Total execution time: 1.1177
INFO - 2025-02-23 23:58:51 --> Config Class Initialized
INFO - 2025-02-23 23:58:51 --> Hooks Class Initialized
DEBUG - 2025-02-23 23:58:52 --> UTF-8 Support Enabled
INFO - 2025-02-23 23:58:52 --> Utf8 Class Initialized
INFO - 2025-02-23 23:58:52 --> URI Class Initialized
DEBUG - 2025-02-23 23:58:52 --> No URI present. Default controller set.
INFO - 2025-02-23 23:58:52 --> Router Class Initialized
INFO - 2025-02-23 23:58:52 --> Output Class Initialized
INFO - 2025-02-23 23:58:52 --> Security Class Initialized
DEBUG - 2025-02-23 23:58:53 --> Global POST, GET and COOKIE data sanitized
INFO - 2025-02-23 23:58:53 --> Input Class Initialized
INFO - 2025-02-23 23:58:53 --> Language Class Initialized
INFO - 2025-02-23 23:58:53 --> Loader Class Initialized
INFO - 2025-02-23 23:58:53 --> Helper loaded: url_helper
INFO - 2025-02-23 23:58:53 --> Helper loaded: string_helper
INFO - 2025-02-23 23:58:53 --> Helper loaded: date_helper
INFO - 2025-02-23 23:58:53 --> Helper loaded: array_helper
INFO - 2025-02-23 23:58:54 --> Helper loaded: security_helper
INFO - 2025-02-23 23:58:54 --> Helper loaded: text_helper
INFO - 2025-02-23 23:58:54 --> Helper loaded: session_helper
INFO - 2025-02-23 23:58:54 --> Controller Class Initialized
INFO - 2025-02-23 23:58:54 --> Database Driver Class Initialized
INFO - 2025-02-23 23:58:55 --> Database Driver Class Initialized
INFO - 2025-02-23 23:58:55 --> Model "Querys" initialized
INFO - 2025-02-23 23:58:56 --> File loaded: D:\noSync\Server\php\2025\HS-Sistema\hs-systems-app\application\views\loop/header.php
INFO - 2025-02-23 23:58:56 --> File loaded: D:\noSync\Server\php\2025\HS-Sistema\hs-systems-app\application\views\loop/body/login.php
INFO - 2025-02-23 23:58:56 --> File loaded: D:\noSync\Server\php\2025\HS-Sistema\hs-systems-app\application\views\login/sign-in.php
INFO - 2025-02-23 23:58:56 --> File loaded: D:\noSync\Server\php\2025\HS-Sistema\hs-systems-app\application\views\loop/footer/copyright.php
INFO - 2025-02-23 23:58:56 --> File loaded: D:\noSync\Server\php\2025\HS-Sistema\hs-systems-app\application\views\loop/footer/dark_light.php
INFO - 2025-02-23 23:58:56 --> File loaded: D:\noSync\Server\php\2025\HS-Sistema\hs-systems-app\application\views\loop/footer/footer.php
INFO - 2025-02-23 23:58:56 --> Final output sent to browser
DEBUG - 2025-02-23 23:58:56 --> Total execution time: 4.9230
INFO - 2025-02-23 23:59:44 --> Config Class Initialized
INFO - 2025-02-23 23:59:44 --> Hooks Class Initialized
DEBUG - 2025-02-23 23:59:44 --> UTF-8 Support Enabled
INFO - 2025-02-23 23:59:44 --> Utf8 Class Initialized
INFO - 2025-02-23 23:59:44 --> URI Class Initialized
DEBUG - 2025-02-23 23:59:44 --> No URI present. Default controller set.
INFO - 2025-02-23 23:59:44 --> Router Class Initialized
INFO - 2025-02-23 23:59:44 --> Output Class Initialized
INFO - 2025-02-23 23:59:44 --> Security Class Initialized
DEBUG - 2025-02-23 23:59:44 --> Global POST, GET and COOKIE data sanitized
INFO - 2025-02-23 23:59:44 --> Input Class Initialized
INFO - 2025-02-23 23:59:44 --> Language Class Initialized
INFO - 2025-02-23 23:59:44 --> Loader Class Initialized
INFO - 2025-02-23 23:59:44 --> Helper loaded: url_helper
INFO - 2025-02-23 23:59:44 --> Helper loaded: string_helper
INFO - 2025-02-23 23:59:44 --> Helper loaded: date_helper
INFO - 2025-02-23 23:59:44 --> Helper loaded: array_helper
INFO - 2025-02-23 23:59:44 --> Helper loaded: security_helper
INFO - 2025-02-23 23:59:44 --> Helper loaded: text_helper
INFO - 2025-02-23 23:59:44 --> Helper loaded: session_helper
INFO - 2025-02-23 23:59:44 --> Controller Class Initialized
INFO - 2025-02-23 23:59:44 --> Database Driver Class Initialized
INFO - 2025-02-23 23:59:45 --> Database Driver Class Initialized
INFO - 2025-02-23 23:59:45 --> Model "Querys" initialized
INFO - 2025-02-23 23:59:45 --> File loaded: D:\noSync\Server\php\2025\HS-Sistema\hs-systems-app\application\views\loop/header.php
INFO - 2025-02-23 23:59:45 --> File loaded: D:\noSync\Server\php\2025\HS-Sistema\hs-systems-app\application\views\loop/body/login.php
INFO - 2025-02-23 23:59:45 --> File loaded: D:\noSync\Server\php\2025\HS-Sistema\hs-systems-app\application\views\login/sign-in.php
INFO - 2025-02-23 23:59:45 --> File loaded: D:\noSync\Server\php\2025\HS-Sistema\hs-systems-app\application\views\loop/footer/copyright.php
INFO - 2025-02-23 23:59:45 --> File loaded: D:\noSync\Server\php\2025\HS-Sistema\hs-systems-app\application\views\loop/footer/dark_light.php
INFO - 2025-02-23 23:59:45 --> File loaded: D:\noSync\Server\php\2025\HS-Sistema\hs-systems-app\application\views\loop/footer/footer.php
INFO - 2025-02-23 23:59:45 --> Final output sent to browser
DEBUG - 2025-02-23 23:59:45 --> Total execution time: 1.0908
