INFO - 2025-02-26 01:54:16 --> Config Class Initialized
INFO - 2025-02-26 01:54:16 --> Hooks Class Initialized
DEBUG - 2025-02-26 01:54:16 --> UTF-8 Support Enabled
INFO - 2025-02-26 01:54:16 --> Utf8 Class Initialized
INFO - 2025-02-26 01:54:16 --> URI Class Initialized
DEBUG - 2025-02-26 01:54:16 --> No URI present. Default controller set.
INFO - 2025-02-26 01:54:16 --> Router Class Initialized
INFO - 2025-02-26 01:54:16 --> Output Class Initialized
INFO - 2025-02-26 01:54:16 --> Security Class Initialized
DEBUG - 2025-02-26 01:54:16 --> Global POST, GET and COOKIE data sanitized
INFO - 2025-02-26 01:54:16 --> Input Class Initialized
INFO - 2025-02-26 01:54:16 --> Language Class Initialized
INFO - 2025-02-26 01:54:16 --> Loader Class Initialized
INFO - 2025-02-26 01:54:16 --> Helper loaded: url_helper
INFO - 2025-02-26 01:54:16 --> Helper loaded: string_helper
INFO - 2025-02-26 01:54:16 --> Helper loaded: date_helper
INFO - 2025-02-26 01:54:16 --> Helper loaded: array_helper
INFO - 2025-02-26 01:54:16 --> Helper loaded: security_helper
INFO - 2025-02-26 01:54:16 --> Helper loaded: text_helper
INFO - 2025-02-26 01:54:16 --> Helper loaded: language_helper
INFO - 2025-02-26 01:54:16 --> Helper loaded: session_helper
INFO - 2025-02-26 01:54:16 --> Helper loaded: multilang_helper
INFO - 2025-02-26 01:54:16 --> Controller Class Initialized
INFO - 2025-02-26 01:54:16 --> Database Driver Class Initialized
INFO - 2025-02-26 01:54:16 --> Database Driver Class Initialized
INFO - 2025-02-26 01:54:17 --> Model "Querys" initialized
INFO - 2025-02-26 01:54:17 --> Language file loaded: language/spanish/login_lang.php
INFO - 2025-02-26 01:54:17 --> File loaded: D:\noSync\Server\php\2025\HS-Sistema\hs-systems-app\application\views\loop/header.php
INFO - 2025-02-26 01:54:17 --> File loaded: D:\noSync\Server\php\2025\HS-Sistema\hs-systems-app\application\views\loop/body/login.php
INFO - 2025-02-26 01:54:17 --> File loaded: D:\noSync\Server\php\2025\HS-Sistema\hs-systems-app\application\views\login/sign-in.php
INFO - 2025-02-26 01:54:17 --> File loaded: D:\noSync\Server\php\2025\HS-Sistema\hs-systems-app\application\views\loop/footer/copyright.php
INFO - 2025-02-26 01:54:17 --> File loaded: D:\noSync\Server\php\2025\HS-Sistema\hs-systems-app\application\views\loop/footer/dark_light.php
INFO - 2025-02-26 01:54:17 --> File loaded: D:\noSync\Server\php\2025\HS-Sistema\hs-systems-app\application\views\loop/footer/footer.php
INFO - 2025-02-26 01:54:17 --> Final output sent to browser
DEBUG - 2025-02-26 01:54:17 --> Total execution time: 1.1539
INFO - 2025-02-26 01:55:39 --> Config Class Initialized
INFO - 2025-02-26 01:55:39 --> Hooks Class Initialized
DEBUG - 2025-02-26 01:55:39 --> UTF-8 Support Enabled
INFO - 2025-02-26 01:55:39 --> Utf8 Class Initialized
INFO - 2025-02-26 01:55:39 --> URI Class Initialized
INFO - 2025-02-26 01:55:39 --> Router Class Initialized
INFO - 2025-02-26 01:55:39 --> Output Class Initialized
INFO - 2025-02-26 01:55:39 --> Security Class Initialized
DEBUG - 2025-02-26 01:55:39 --> Global POST, GET and COOKIE data sanitized
INFO - 2025-02-26 01:55:39 --> Input Class Initialized
INFO - 2025-02-26 01:55:39 --> Language Class Initialized
INFO - 2025-02-26 01:55:39 --> Loader Class Initialized
INFO - 2025-02-26 01:55:39 --> Helper loaded: url_helper
INFO - 2025-02-26 01:55:39 --> Helper loaded: string_helper
INFO - 2025-02-26 01:55:39 --> Helper loaded: date_helper
INFO - 2025-02-26 01:55:39 --> Helper loaded: array_helper
INFO - 2025-02-26 01:55:39 --> Helper loaded: security_helper
INFO - 2025-02-26 01:55:39 --> Helper loaded: text_helper
INFO - 2025-02-26 01:55:39 --> Helper loaded: language_helper
INFO - 2025-02-26 01:55:39 --> Helper loaded: session_helper
INFO - 2025-02-26 01:55:39 --> Helper loaded: multilang_helper
INFO - 2025-02-26 01:55:39 --> Controller Class Initialized
INFO - 2025-02-26 01:55:39 --> Database Driver Class Initialized
INFO - 2025-02-26 01:55:39 --> Database Driver Class Initialized
INFO - 2025-02-26 01:55:40 --> Model "Querys" initialized
INFO - 2025-02-26 01:55:40 --> Language file loaded: language/english/login_lang.php
INFO - 2025-02-26 01:55:40 --> File loaded: D:\noSync\Server\php\2025\HS-Sistema\hs-systems-app\application\views\loop/header.php
INFO - 2025-02-26 01:55:40 --> File loaded: D:\noSync\Server\php\2025\HS-Sistema\hs-systems-app\application\views\loop/body/login.php
INFO - 2025-02-26 01:55:40 --> File loaded: D:\noSync\Server\php\2025\HS-Sistema\hs-systems-app\application\views\login/sign-in.php
INFO - 2025-02-26 01:55:40 --> File loaded: D:\noSync\Server\php\2025\HS-Sistema\hs-systems-app\application\views\loop/footer/copyright.php
INFO - 2025-02-26 01:55:40 --> File loaded: D:\noSync\Server\php\2025\HS-Sistema\hs-systems-app\application\views\loop/footer/dark_light.php
INFO - 2025-02-26 01:55:40 --> File loaded: D:\noSync\Server\php\2025\HS-Sistema\hs-systems-app\application\views\loop/footer/footer.php
INFO - 2025-02-26 01:55:40 --> Final output sent to browser
DEBUG - 2025-02-26 01:55:40 --> Total execution time: 1.1386
INFO - 2025-02-26 01:57:10 --> Config Class Initialized
INFO - 2025-02-26 01:57:10 --> Hooks Class Initialized
DEBUG - 2025-02-26 01:57:10 --> UTF-8 Support Enabled
INFO - 2025-02-26 01:57:10 --> Utf8 Class Initialized
INFO - 2025-02-26 01:57:10 --> URI Class Initialized
DEBUG - 2025-02-26 01:57:10 --> No URI present. Default controller set.
INFO - 2025-02-26 01:57:10 --> Router Class Initialized
INFO - 2025-02-26 01:57:10 --> Output Class Initialized
INFO - 2025-02-26 01:57:10 --> Security Class Initialized
DEBUG - 2025-02-26 01:57:10 --> Global POST, GET and COOKIE data sanitized
INFO - 2025-02-26 01:57:10 --> Input Class Initialized
INFO - 2025-02-26 01:57:10 --> Language Class Initialized
INFO - 2025-02-26 01:57:10 --> Loader Class Initialized
INFO - 2025-02-26 01:57:10 --> Helper loaded: url_helper
INFO - 2025-02-26 01:57:10 --> Helper loaded: string_helper
INFO - 2025-02-26 01:57:10 --> Helper loaded: date_helper
INFO - 2025-02-26 01:57:10 --> Helper loaded: array_helper
INFO - 2025-02-26 01:57:10 --> Helper loaded: security_helper
INFO - 2025-02-26 01:57:10 --> Helper loaded: text_helper
INFO - 2025-02-26 01:57:10 --> Helper loaded: language_helper
INFO - 2025-02-26 01:57:10 --> Helper loaded: session_helper
INFO - 2025-02-26 01:57:10 --> Helper loaded: multilang_helper
INFO - 2025-02-26 01:57:10 --> Controller Class Initialized
INFO - 2025-02-26 01:57:10 --> Database Driver Class Initialized
INFO - 2025-02-26 01:57:10 --> Database Driver Class Initialized
INFO - 2025-02-26 01:57:11 --> Model "Querys" initialized
INFO - 2025-02-26 01:57:11 --> Language file loaded: language/spanish/login_lang.php
INFO - 2025-02-26 01:57:11 --> File loaded: D:\noSync\Server\php\2025\HS-Sistema\hs-systems-app\application\views\loop/header.php
INFO - 2025-02-26 01:57:11 --> File loaded: D:\noSync\Server\php\2025\HS-Sistema\hs-systems-app\application\views\loop/body/login.php
INFO - 2025-02-26 01:57:11 --> File loaded: D:\noSync\Server\php\2025\HS-Sistema\hs-systems-app\application\views\login/sign-in.php
INFO - 2025-02-26 01:57:11 --> File loaded: D:\noSync\Server\php\2025\HS-Sistema\hs-systems-app\application\views\loop/footer/copyright.php
INFO - 2025-02-26 01:57:11 --> File loaded: D:\noSync\Server\php\2025\HS-Sistema\hs-systems-app\application\views\loop/footer/dark_light.php
INFO - 2025-02-26 01:57:11 --> File loaded: D:\noSync\Server\php\2025\HS-Sistema\hs-systems-app\application\views\loop/footer/footer.php
INFO - 2025-02-26 01:57:11 --> Final output sent to browser
DEBUG - 2025-02-26 01:57:11 --> Total execution time: 1.1169
INFO - 2025-02-26 01:57:17 --> Config Class Initialized
INFO - 2025-02-26 01:57:17 --> Hooks Class Initialized
DEBUG - 2025-02-26 01:57:18 --> UTF-8 Support Enabled
INFO - 2025-02-26 01:57:18 --> Utf8 Class Initialized
INFO - 2025-02-26 01:57:18 --> URI Class Initialized
INFO - 2025-02-26 01:57:18 --> Router Class Initialized
INFO - 2025-02-26 01:57:18 --> Output Class Initialized
INFO - 2025-02-26 01:57:18 --> Security Class Initialized
DEBUG - 2025-02-26 01:57:18 --> Global POST, GET and COOKIE data sanitized
INFO - 2025-02-26 01:57:18 --> Input Class Initialized
INFO - 2025-02-26 01:57:18 --> Language Class Initialized
INFO - 2025-02-26 01:57:18 --> Loader Class Initialized
INFO - 2025-02-26 01:57:18 --> Helper loaded: url_helper
INFO - 2025-02-26 01:57:18 --> Helper loaded: string_helper
INFO - 2025-02-26 01:57:18 --> Helper loaded: date_helper
INFO - 2025-02-26 01:57:18 --> Helper loaded: array_helper
INFO - 2025-02-26 01:57:18 --> Helper loaded: security_helper
INFO - 2025-02-26 01:57:18 --> Helper loaded: text_helper
INFO - 2025-02-26 01:57:18 --> Helper loaded: language_helper
INFO - 2025-02-26 01:57:18 --> Helper loaded: session_helper
INFO - 2025-02-26 01:57:18 --> Helper loaded: multilang_helper
INFO - 2025-02-26 01:57:18 --> Controller Class Initialized
INFO - 2025-02-26 01:57:18 --> Database Driver Class Initialized
INFO - 2025-02-26 01:57:18 --> Database Driver Class Initialized
INFO - 2025-02-26 01:57:18 --> Model "Querys" initialized
INFO - 2025-02-26 01:57:19 --> Language file loaded: language/spanish/login_lang.php
INFO - 2025-02-26 01:57:19 --> File loaded: D:\noSync\Server\php\2025\HS-Sistema\hs-systems-app\application\views\loop/header.php
INFO - 2025-02-26 01:57:19 --> File loaded: D:\noSync\Server\php\2025\HS-Sistema\hs-systems-app\application\views\loop/body/login.php
INFO - 2025-02-26 01:57:19 --> File loaded: D:\noSync\Server\php\2025\HS-Sistema\hs-systems-app\application\views\login/log-in.php
INFO - 2025-02-26 01:57:19 --> File loaded: D:\noSync\Server\php\2025\HS-Sistema\hs-systems-app\application\views\loop/footer/dark_light.php
INFO - 2025-02-26 01:57:19 --> File loaded: D:\noSync\Server\php\2025\HS-Sistema\hs-systems-app\application\views\loop/footer/copyright.php
INFO - 2025-02-26 01:57:19 --> File loaded: D:\noSync\Server\php\2025\HS-Sistema\hs-systems-app\application\views\loop/footer/footer.php
INFO - 2025-02-26 01:57:19 --> Final output sent to browser
DEBUG - 2025-02-26 01:57:19 --> Total execution time: 1.3119
INFO - 2025-02-26 01:57:20 --> Config Class Initialized
INFO - 2025-02-26 01:57:20 --> Hooks Class Initialized
DEBUG - 2025-02-26 01:57:20 --> UTF-8 Support Enabled
INFO - 2025-02-26 01:57:20 --> Utf8 Class Initialized
INFO - 2025-02-26 01:57:20 --> URI Class Initialized
INFO - 2025-02-26 01:57:20 --> Router Class Initialized
INFO - 2025-02-26 01:57:20 --> Output Class Initialized
INFO - 2025-02-26 01:57:20 --> Security Class Initialized
DEBUG - 2025-02-26 01:57:20 --> Global POST, GET and COOKIE data sanitized
INFO - 2025-02-26 01:57:20 --> Input Class Initialized
INFO - 2025-02-26 01:57:20 --> Language Class Initialized
INFO - 2025-02-26 01:57:20 --> Loader Class Initialized
INFO - 2025-02-26 01:57:20 --> Helper loaded: url_helper
INFO - 2025-02-26 01:57:20 --> Helper loaded: string_helper
INFO - 2025-02-26 01:57:20 --> Helper loaded: date_helper
INFO - 2025-02-26 01:57:20 --> Helper loaded: array_helper
INFO - 2025-02-26 01:57:20 --> Helper loaded: security_helper
INFO - 2025-02-26 01:57:20 --> Helper loaded: text_helper
INFO - 2025-02-26 01:57:20 --> Helper loaded: language_helper
INFO - 2025-02-26 01:57:20 --> Helper loaded: session_helper
INFO - 2025-02-26 01:57:20 --> Helper loaded: multilang_helper
INFO - 2025-02-26 01:57:20 --> Controller Class Initialized
INFO - 2025-02-26 01:57:20 --> Database Driver Class Initialized
INFO - 2025-02-26 01:57:21 --> Database Driver Class Initialized
INFO - 2025-02-26 01:57:21 --> Model "Querys" initialized
INFO - 2025-02-26 01:57:21 --> File loaded: D:\noSync\Server\php\2025\HS-Sistema\hs-systems-app\application\views\loop/header.php
INFO - 2025-02-26 01:57:21 --> File loaded: D:\noSync\Server\php\2025\HS-Sistema\hs-systems-app\application\views\loop/body/dashboard.php
INFO - 2025-02-26 01:57:22 --> File loaded: D:\noSync\Server\php\2025\HS-Sistema\hs-systems-app\application\views\dashboard/header.php
INFO - 2025-02-26 01:57:22 --> File loaded: D:\noSync\Server\php\2025\HS-Sistema\hs-systems-app\application\views\dashboard/beginmenu.php
INFO - 2025-02-26 01:57:22 --> File loaded: D:\noSync\Server\php\2025\HS-Sistema\hs-systems-app\application\views\dashboard/inicio.php
INFO - 2025-02-26 01:57:22 --> File loaded: D:\noSync\Server\php\2025\HS-Sistema\hs-systems-app\application\views\dashboard/endmenu.php
INFO - 2025-02-26 01:57:22 --> File loaded: D:\noSync\Server\php\2025\HS-Sistema\hs-systems-app\application\views\loop/footer/dark_light.php
INFO - 2025-02-26 01:57:22 --> File loaded: D:\noSync\Server\php\2025\HS-Sistema\hs-systems-app\application\views\loop/footer/copyright.php
INFO - 2025-02-26 01:57:22 --> File loaded: D:\noSync\Server\php\2025\HS-Sistema\hs-systems-app\application\views\loop/footer/footer.php
INFO - 2025-02-26 01:57:22 --> Final output sent to browser
DEBUG - 2025-02-26 01:57:22 --> Total execution time: 1.4105
INFO - 2025-02-26 01:57:32 --> Config Class Initialized
INFO - 2025-02-26 01:57:32 --> Hooks Class Initialized
DEBUG - 2025-02-26 01:57:32 --> UTF-8 Support Enabled
INFO - 2025-02-26 01:57:32 --> Utf8 Class Initialized
INFO - 2025-02-26 01:57:32 --> URI Class Initialized
INFO - 2025-02-26 01:57:32 --> Router Class Initialized
INFO - 2025-02-26 01:57:32 --> Output Class Initialized
INFO - 2025-02-26 01:57:32 --> Security Class Initialized
DEBUG - 2025-02-26 01:57:32 --> Global POST, GET and COOKIE data sanitized
INFO - 2025-02-26 01:57:32 --> Input Class Initialized
INFO - 2025-02-26 01:57:32 --> Language Class Initialized
INFO - 2025-02-26 01:57:32 --> Loader Class Initialized
INFO - 2025-02-26 01:57:32 --> Helper loaded: url_helper
INFO - 2025-02-26 01:57:32 --> Helper loaded: string_helper
INFO - 2025-02-26 01:57:32 --> Helper loaded: date_helper
INFO - 2025-02-26 01:57:32 --> Helper loaded: array_helper
INFO - 2025-02-26 01:57:32 --> Helper loaded: security_helper
INFO - 2025-02-26 01:57:32 --> Helper loaded: text_helper
INFO - 2025-02-26 01:57:32 --> Helper loaded: language_helper
INFO - 2025-02-26 01:57:32 --> Helper loaded: session_helper
INFO - 2025-02-26 01:57:32 --> Helper loaded: multilang_helper
INFO - 2025-02-26 01:57:32 --> Controller Class Initialized
INFO - 2025-02-26 01:57:32 --> Database Driver Class Initialized
INFO - 2025-02-26 01:57:32 --> Database Driver Class Initialized
INFO - 2025-02-26 01:57:33 --> Model "Querys" initialized
INFO - 2025-02-26 01:57:33 --> File loaded: D:\noSync\Server\php\2025\HS-Sistema\hs-systems-app\application\views\loop/header.php
INFO - 2025-02-26 01:57:33 --> File loaded: D:\noSync\Server\php\2025\HS-Sistema\hs-systems-app\application\views\loop/body/dashboard.php
INFO - 2025-02-26 01:57:33 --> File loaded: D:\noSync\Server\php\2025\HS-Sistema\hs-systems-app\application\views\dashboard/header.php
INFO - 2025-02-26 01:57:33 --> File loaded: D:\noSync\Server\php\2025\HS-Sistema\hs-systems-app\application\views\loop/loading.php
INFO - 2025-02-26 01:57:33 --> File loaded: D:\noSync\Server\php\2025\HS-Sistema\hs-systems-app\application\views\dashboard/beginmenu.php
INFO - 2025-02-26 01:57:33 --> File loaded: D:\noSync\Server\php\2025\HS-Sistema\hs-systems-app\application\views\pacientes/pacientes/inicio.php
INFO - 2025-02-26 01:57:33 --> File loaded: D:\noSync\Server\php\2025\HS-Sistema\hs-systems-app\application\views\pacientes/pacientes/inicio2.php
INFO - 2025-02-26 01:57:33 --> File loaded: D:\noSync\Server\php\2025\HS-Sistema\hs-systems-app\application\views\pacientes/pacientes/inicio3.php
INFO - 2025-02-26 01:57:33 --> File loaded: D:\noSync\Server\php\2025\HS-Sistema\hs-systems-app\application\views\dashboard/endmenu.php
INFO - 2025-02-26 01:57:33 --> File loaded: D:\noSync\Server\php\2025\HS-Sistema\hs-systems-app\application\views\loop/footer/dark_light.php
INFO - 2025-02-26 01:57:33 --> File loaded: D:\noSync\Server\php\2025\HS-Sistema\hs-systems-app\application\views\loop/footer/copyright.php
INFO - 2025-02-26 01:57:33 --> File loaded: D:\noSync\Server\php\2025\HS-Sistema\hs-systems-app\application\views\loop/footer/footer.php
INFO - 2025-02-26 01:57:33 --> Final output sent to browser
DEBUG - 2025-02-26 01:57:33 --> Total execution time: 1.2830
INFO - 2025-02-26 01:59:52 --> Config Class Initialized
INFO - 2025-02-26 01:59:52 --> Hooks Class Initialized
DEBUG - 2025-02-26 01:59:52 --> UTF-8 Support Enabled
INFO - 2025-02-26 01:59:52 --> Utf8 Class Initialized
INFO - 2025-02-26 01:59:52 --> URI Class Initialized
INFO - 2025-02-26 01:59:52 --> Router Class Initialized
INFO - 2025-02-26 01:59:52 --> Output Class Initialized
INFO - 2025-02-26 01:59:52 --> Security Class Initialized
DEBUG - 2025-02-26 01:59:52 --> Global POST, GET and COOKIE data sanitized
INFO - 2025-02-26 01:59:52 --> Input Class Initialized
INFO - 2025-02-26 01:59:52 --> Language Class Initialized
INFO - 2025-02-26 01:59:53 --> Loader Class Initialized
INFO - 2025-02-26 01:59:53 --> Helper loaded: url_helper
INFO - 2025-02-26 01:59:53 --> Helper loaded: string_helper
INFO - 2025-02-26 01:59:53 --> Helper loaded: date_helper
INFO - 2025-02-26 01:59:53 --> Helper loaded: array_helper
INFO - 2025-02-26 01:59:53 --> Helper loaded: security_helper
INFO - 2025-02-26 01:59:53 --> Helper loaded: text_helper
INFO - 2025-02-26 01:59:53 --> Helper loaded: language_helper
INFO - 2025-02-26 01:59:53 --> Helper loaded: session_helper
INFO - 2025-02-26 01:59:53 --> Helper loaded: multilang_helper
INFO - 2025-02-26 01:59:53 --> Controller Class Initialized
INFO - 2025-02-26 01:59:53 --> Database Driver Class Initialized
INFO - 2025-02-26 01:59:53 --> Database Driver Class Initialized
INFO - 2025-02-26 01:59:54 --> Model "Querys" initialized
INFO - 2025-02-26 01:59:54 --> File loaded: D:\noSync\Server\php\2025\HS-Sistema\hs-systems-app\application\views\loop/header.php
INFO - 2025-02-26 01:59:54 --> File loaded: D:\noSync\Server\php\2025\HS-Sistema\hs-systems-app\application\views\loop/body/dashboard.php
INFO - 2025-02-26 01:59:54 --> File loaded: D:\noSync\Server\php\2025\HS-Sistema\hs-systems-app\application\views\dashboard/header.php
INFO - 2025-02-26 01:59:54 --> File loaded: D:\noSync\Server\php\2025\HS-Sistema\hs-systems-app\application\views\loop/loading.php
INFO - 2025-02-26 01:59:54 --> File loaded: D:\noSync\Server\php\2025\HS-Sistema\hs-systems-app\application\views\dashboard/beginmenu.php
INFO - 2025-02-26 01:59:54 --> File loaded: D:\noSync\Server\php\2025\HS-Sistema\hs-systems-app\application\views\pacientes/pacientes/inicio.php
INFO - 2025-02-26 01:59:54 --> File loaded: D:\noSync\Server\php\2025\HS-Sistema\hs-systems-app\application\views\pacientes/pacientes/inicio2.php
INFO - 2025-02-26 01:59:54 --> File loaded: D:\noSync\Server\php\2025\HS-Sistema\hs-systems-app\application\views\pacientes/pacientes/inicio3.php
INFO - 2025-02-26 01:59:54 --> File loaded: D:\noSync\Server\php\2025\HS-Sistema\hs-systems-app\application\views\dashboard/endmenu.php
INFO - 2025-02-26 01:59:54 --> File loaded: D:\noSync\Server\php\2025\HS-Sistema\hs-systems-app\application\views\loop/footer/dark_light.php
INFO - 2025-02-26 01:59:54 --> File loaded: D:\noSync\Server\php\2025\HS-Sistema\hs-systems-app\application\views\loop/footer/copyright.php
INFO - 2025-02-26 01:59:54 --> File loaded: D:\noSync\Server\php\2025\HS-Sistema\hs-systems-app\application\views\loop/footer/footer.php
INFO - 2025-02-26 01:59:54 --> Final output sent to browser
DEBUG - 2025-02-26 01:59:54 --> Total execution time: 1.3242
INFO - 2025-02-26 02:03:18 --> Config Class Initialized
INFO - 2025-02-26 02:03:18 --> Hooks Class Initialized
DEBUG - 2025-02-26 02:03:18 --> UTF-8 Support Enabled
INFO - 2025-02-26 02:03:18 --> Utf8 Class Initialized
INFO - 2025-02-26 02:03:18 --> URI Class Initialized
INFO - 2025-02-26 02:03:18 --> Router Class Initialized
INFO - 2025-02-26 02:03:18 --> Output Class Initialized
INFO - 2025-02-26 02:03:18 --> Security Class Initialized
DEBUG - 2025-02-26 02:03:18 --> Global POST, GET and COOKIE data sanitized
INFO - 2025-02-26 02:03:18 --> Input Class Initialized
INFO - 2025-02-26 02:03:18 --> Language Class Initialized
INFO - 2025-02-26 02:03:18 --> Loader Class Initialized
INFO - 2025-02-26 02:03:18 --> Helper loaded: url_helper
INFO - 2025-02-26 02:03:18 --> Helper loaded: string_helper
INFO - 2025-02-26 02:03:18 --> Helper loaded: date_helper
INFO - 2025-02-26 02:03:18 --> Helper loaded: array_helper
INFO - 2025-02-26 02:03:18 --> Helper loaded: security_helper
INFO - 2025-02-26 02:03:18 --> Helper loaded: text_helper
INFO - 2025-02-26 02:03:18 --> Helper loaded: language_helper
INFO - 2025-02-26 02:03:18 --> Helper loaded: session_helper
INFO - 2025-02-26 02:03:18 --> Helper loaded: multilang_helper
INFO - 2025-02-26 02:03:18 --> Controller Class Initialized
INFO - 2025-02-26 02:03:18 --> Database Driver Class Initialized
INFO - 2025-02-26 02:03:19 --> Database Driver Class Initialized
INFO - 2025-02-26 02:03:19 --> Model "Querys" initialized
INFO - 2025-02-26 02:03:19 --> File loaded: D:\noSync\Server\php\2025\HS-Sistema\hs-systems-app\application\views\loop/header.php
INFO - 2025-02-26 02:03:19 --> File loaded: D:\noSync\Server\php\2025\HS-Sistema\hs-systems-app\application\views\loop/body/dashboard.php
INFO - 2025-02-26 02:03:19 --> File loaded: D:\noSync\Server\php\2025\HS-Sistema\hs-systems-app\application\views\dashboard/header.php
INFO - 2025-02-26 02:03:19 --> File loaded: D:\noSync\Server\php\2025\HS-Sistema\hs-systems-app\application\views\loop/loading.php
INFO - 2025-02-26 02:03:19 --> File loaded: D:\noSync\Server\php\2025\HS-Sistema\hs-systems-app\application\views\dashboard/beginmenu.php
INFO - 2025-02-26 02:03:19 --> File loaded: D:\noSync\Server\php\2025\HS-Sistema\hs-systems-app\application\views\pacientes/pacientes/inicio.php
INFO - 2025-02-26 02:03:19 --> File loaded: D:\noSync\Server\php\2025\HS-Sistema\hs-systems-app\application\views\pacientes/pacientes/inicio2.php
INFO - 2025-02-26 02:03:19 --> File loaded: D:\noSync\Server\php\2025\HS-Sistema\hs-systems-app\application\views\pacientes/pacientes/inicio3.php
INFO - 2025-02-26 02:03:19 --> File loaded: D:\noSync\Server\php\2025\HS-Sistema\hs-systems-app\application\views\dashboard/endmenu.php
INFO - 2025-02-26 02:03:19 --> File loaded: D:\noSync\Server\php\2025\HS-Sistema\hs-systems-app\application\views\loop/footer/dark_light.php
INFO - 2025-02-26 02:03:19 --> File loaded: D:\noSync\Server\php\2025\HS-Sistema\hs-systems-app\application\views\loop/footer/copyright.php
INFO - 2025-02-26 02:03:19 --> File loaded: D:\noSync\Server\php\2025\HS-Sistema\hs-systems-app\application\views\loop/footer/footer.php
INFO - 2025-02-26 02:03:19 --> Final output sent to browser
DEBUG - 2025-02-26 02:03:19 --> Total execution time: 1.1446
INFO - 2025-02-26 02:09:37 --> Config Class Initialized
INFO - 2025-02-26 02:09:37 --> Hooks Class Initialized
DEBUG - 2025-02-26 02:09:37 --> UTF-8 Support Enabled
INFO - 2025-02-26 02:09:37 --> Utf8 Class Initialized
INFO - 2025-02-26 02:09:37 --> URI Class Initialized
INFO - 2025-02-26 02:09:37 --> Router Class Initialized
INFO - 2025-02-26 02:09:37 --> Output Class Initialized
INFO - 2025-02-26 02:09:37 --> Security Class Initialized
DEBUG - 2025-02-26 02:09:37 --> Global POST, GET and COOKIE data sanitized
INFO - 2025-02-26 02:09:37 --> Input Class Initialized
INFO - 2025-02-26 02:09:37 --> Language Class Initialized
INFO - 2025-02-26 02:09:37 --> Loader Class Initialized
INFO - 2025-02-26 02:09:37 --> Helper loaded: url_helper
INFO - 2025-02-26 02:09:37 --> Helper loaded: string_helper
INFO - 2025-02-26 02:09:37 --> Helper loaded: date_helper
INFO - 2025-02-26 02:09:37 --> Helper loaded: array_helper
INFO - 2025-02-26 02:09:37 --> Helper loaded: security_helper
INFO - 2025-02-26 02:09:37 --> Helper loaded: text_helper
INFO - 2025-02-26 02:09:37 --> Helper loaded: language_helper
INFO - 2025-02-26 02:09:37 --> Helper loaded: session_helper
INFO - 2025-02-26 02:09:37 --> Helper loaded: multilang_helper
INFO - 2025-02-26 02:09:37 --> Controller Class Initialized
INFO - 2025-02-26 02:09:37 --> Database Driver Class Initialized
INFO - 2025-02-26 02:09:38 --> Database Driver Class Initialized
INFO - 2025-02-26 02:09:38 --> Model "Querys" initialized
INFO - 2025-02-26 02:09:38 --> File loaded: D:\noSync\Server\php\2025\HS-Sistema\hs-systems-app\application\views\loop/header.php
INFO - 2025-02-26 02:09:38 --> File loaded: D:\noSync\Server\php\2025\HS-Sistema\hs-systems-app\application\views\loop/body/dashboard.php
INFO - 2025-02-26 02:09:38 --> File loaded: D:\noSync\Server\php\2025\HS-Sistema\hs-systems-app\application\views\dashboard/header.php
INFO - 2025-02-26 02:09:38 --> File loaded: D:\noSync\Server\php\2025\HS-Sistema\hs-systems-app\application\views\loop/loading.php
INFO - 2025-02-26 02:09:38 --> File loaded: D:\noSync\Server\php\2025\HS-Sistema\hs-systems-app\application\views\dashboard/beginmenu.php
INFO - 2025-02-26 02:09:38 --> File loaded: D:\noSync\Server\php\2025\HS-Sistema\hs-systems-app\application\views\pacientes/pacientes/inicio.php
INFO - 2025-02-26 02:09:38 --> File loaded: D:\noSync\Server\php\2025\HS-Sistema\hs-systems-app\application\views\pacientes/pacientes/inicio2.php
INFO - 2025-02-26 02:09:38 --> File loaded: D:\noSync\Server\php\2025\HS-Sistema\hs-systems-app\application\views\pacientes/pacientes/inicio3.php
INFO - 2025-02-26 02:09:38 --> File loaded: D:\noSync\Server\php\2025\HS-Sistema\hs-systems-app\application\views\dashboard/endmenu.php
INFO - 2025-02-26 02:09:38 --> File loaded: D:\noSync\Server\php\2025\HS-Sistema\hs-systems-app\application\views\loop/footer/dark_light.php
INFO - 2025-02-26 02:09:38 --> File loaded: D:\noSync\Server\php\2025\HS-Sistema\hs-systems-app\application\views\loop/footer/copyright.php
INFO - 2025-02-26 02:09:38 --> File loaded: D:\noSync\Server\php\2025\HS-Sistema\hs-systems-app\application\views\loop/footer/footer.php
INFO - 2025-02-26 02:09:38 --> Final output sent to browser
DEBUG - 2025-02-26 02:09:38 --> Total execution time: 1.1165
